{"numFailedTestSuites":6,"numFailedTests":12,"numPassedTestSuites":47,"numPassedTests":339,"numPendingTestSuites":0,"numPendingTests":0,"numRuntimeErrorTestSuites":1,"numTodoTests":0,"numTotalTestSuites":53,"numTotalTests":351,"openHandles":[],"snapshot":{"added":0,"didUpdate":false,"failure":false,"filesAdded":0,"filesRemoved":0,"filesRemovedList":[],"filesUnmatched":0,"filesUpdated":0,"matched":0,"total":0,"unchecked":0,"uncheckedKeysByFile":[],"unmatched":0,"updated":0},"startTime":1789474317273,"success":false,"testResults":[{"assertionResults":[{"ancestorTitles":["MobileNav"],"duration":52,"failing":false,"failureDetails":[],"failureMessages":[],"fullName":"MobileNav renders open menu button","invocations":1,"location":null,"numPassingAsserts":2,"retryReasons":[],"startAt":1789474320480,"status":"passed","title":"renders open menu button"},{"ancestorTitles":["MobileNav"],"duration":17,"failing":false,"failureDetails":[],"failureMessages":[],"fullName":"MobileNav calls openMenu when open button is clicked","invocations":1,"location":null,"numPassingAsserts":1,"retryReasons":[],"startAt":1789474320534,"status":"passed","title":"calls openMenu when open button is clicked"},{"ancestorTitles":["MobileNav","when menu is open"],"duration":23,"failing":false,"failureDetails":[],"failureMessages":[],"fullName":"MobileNav when menu is open renders overlay and panel","invocations":1,"location":null,"numPassingAsserts":4,"retryReasons":[],"startAt":1789474320553,"status":"passed","title":"renders overlay and panel"},{"ancestorTitles":["MobileNav","when menu is open"],"duration":21,"failing":false,"failureDetails":[],"failureMessages":[],"fullName":"MobileNav when menu is open calls closeMenu when close button is clicked","invocations":1,"location":null,"numPassingAsserts":1,"retryReasons":[],"startAt":1789474320577,"status":"passed","title":"calls closeMenu when close button is clicked"},{"ancestorTitles":["MobileNav","when menu is open"],"duration":14,"failing":false,"failureDetails":[],"failureMessages":[],"fullName":"MobileNav when menu is open calls closeMenu when overlay is clicked","invocations":1,"location":null,"numPassingAsserts":1,"retryReasons":[],"startAt":1789474320599,"status":"passed","title":"calls closeMenu when overlay is clicked"},{"ancestorTitles":["MobileNav","when menu is open"],"duration":11,"failing":false,"failureDetails":[],"failureMessages":[],"fullName":"MobileNav when menu is open renders MobileNavItem for each navigation item","invocations":1,"location":null,"numPassingAsserts":9,"retryReasons":[],"startAt":1789474320614,"status":"passed","title":"renders MobileNavItem for each navigation item"},{"ancestorTitles":["MobileNav","when menu is open"],"duration":12,"failing":false,"failureDetails":[],"failureMessages":[],"fullName":"MobileNav when menu is open passes toggleSubmenu and closeMenu to MobileNavItem","invocations":1,"location":null,"numPassingAsserts":2,"retryReasons":[],"startAt":1789474320626,"status":"passed","title":"passes toggleSubmenu and closeMenu to MobileNavItem"},{"ancestorTitles":["MobileNav","when menu is open"],"duration":7,"failing":false,"failureDetails":[],"failureMessages":[],"fullName":"MobileNav when menu is open does not render logout button when isAdmin is false","invocations":1,"location":null,"numPassingAsserts":1,"retryReasons":[],"startAt":1789474320639,"status":"passed","title":"does not render logout button when isAdmin is false"},{"ancestorTitles":["MobileNav","when menu is open"],"duration":18,"failing":false,"failureDetails":[{"name":"TestingLibraryElementError"}],"failureMessages":["TestingLibraryElementError: Unable to find an element by: [data-testid=\"logout-button\"]\n\nIgnored nodes: comments, script, style\n\u001b[36m<body\u001b[39m\n  \u001b[33mstyle\u001b[39m=\u001b[32m\"overflow: hidden;\"\u001b[39m\n\u001b[36m>\u001b[39m\n  \u001b[36m<div>\u001b[39m\n    \u001b[36m<button\u001b[39m\n      \u001b[33maria-expanded\u001b[39m=\u001b[32m\"true\"\u001b[39m\n      \u001b[33maria-label\u001b[39m=\u001b[32m\"Закрити меню\"\u001b[39m\n      \u001b[33mclass\u001b[39m=\u001b[32m\"px-0 py-2 lg:hidden\"\u001b[39m\n      \u001b[33mdata-intent\u001b[39m=\u001b[32m\"minimal\"\u001b[39m\n      \u001b[33mdata-testid\u001b[39m=\u001b[32m\"open-menu-button\"\u001b[39m\n      \u001b[33mdisabled\u001b[39m=\u001b[32m\"\"\u001b[39m\n    \u001b[36m>\u001b[39m\n      \u001b[36m<div\u001b[39m\n        \u001b[33mdata-size\u001b[39m=\u001b[32m\"h-8 w-8\"\u001b[39m\n        \u001b[33mdata-testid\u001b[39m=\u001b[32m\"icon-burgerMenu\"\u001b[39m\n        \u001b[33micon\u001b[39m=\u001b[32m\"burger-mock\"\u001b[39m\n      \u001b[36m>\u001b[39m\n        \u001b[0mburgerMenu\u001b[0m\n      \u001b[36m</div>\u001b[39m\n    \u001b[36m</button>\u001b[39m\n    \u001b[36m<div\u001b[39m\n      \u001b[33mclass\u001b[39m=\u001b[32m\"fixed inset-0 z-[90] h-screen bg-primary/80 lg:hidden\"\u001b[39m\n      \u001b[33mdata-testid\u001b[39m=\u001b[32m\"menu-overlay\"\u001b[39m\n    \u001b[36m/>\u001b[39m\n    \u001b[36m<aside\u001b[39m\n      \u001b[33maria-hidden\u001b[39m=\u001b[32m\"false\"\u001b[39m\n      \u001b[33mclass\u001b[39m=\u001b[32m\"fixed left-0 top-0 z-[100] h-screen bg-primary px-4 py-2 shadow-lg lg:hidden\"\u001b[39m\n      \u001b[33mdata-testid\u001b[39m=\u001b[32m\"menu-panel\"\u001b[39m\n    \u001b[36m>\u001b[39m\n      \u001b[36m<div\u001b[39m\n        \u001b[33mclass\u001b[39m=\u001b[32m\"flex h-full flex-col\"\u001b[39m\n        \u001b[33mdata-testid\u001b[39m=\u001b[32m\"menu-panel-content\"\u001b[39m\n      \u001b[36m>\u001b[39m\n        \u001b[36m<div\u001b[39m\n          \u001b[33mclass\u001b[39m=\u001b[32m\"flex justify-between\"\u001b[39m\n        \u001b[36m>\u001b[39m\n          \u001b[36m<div\u001b[39m\n            \u001b[33mdata-testid\u001b[39m=\u001b[32m\"logo\"\u001b[39m\n          \u001b[36m/>\u001b[39m\n          \u001b[36m<button\u001b[39m\n            \u001b[33mclass\u001b[39m=\u001b[32m\"px-0 opacity-80\"\u001b[39m\n            \u001b[33mdata-intent\u001b[39m=\u001b[32m\"minimal\"\u001b[39m\n            \u001b[33mdata-testid\u001b[39m=\u001b[32m\"close-menu-button\"\u001b[39m\n          \u001b[36m>\u001b[39m\n            \u001b[36m<div\u001b[39m\n              \u001b[33mdata-size\u001b[39m=\u001b[32m\"w-6 h-6\"\u001b[39m\n              \u001b[33mdata-testid\u001b[39m=\u001b[32m\"icon-close\"\u001b[39m\n              \u001b[33micon\u001b[39m=\u001b[32m\"close-mock\"\u001b[39m\n            \u001b[36m>\u001b[39m\n              \u001b[0mclose\u001b[0m\n            \u001b[36m</div>\u001b[39m\n          \u001b[36m</button>\u001b[39m\n        \u001b[36m</div>\u001b[39m\n        \u001b[36m<nav\u001b[39m\n          \u001b[33mclass\u001b[39m=\u001b[32m\"mt-6\"\u001b[39m\n        \u001b[36m>\u001b[39m\n          \u001b[36m<div\u001b[39m\n            \u001b[33mdata-active\u001b[39m=\u001b[32m\"false\"\u001b[39m\n            \u001b[33mdata-label\u001b[39m=\u001b[32m\"Головна\"\u001b[39m\n            \u001b[33mdata-testid\u001b[39m=\u001b[32m\"mobile-nav-item\"\u001b[39m\n          \u001b[36m>\u001b[39m\n            \u001b[36m<button\u001b[39m\n              \u001b[33mdata-testid\u001b[39m=\u001b[32m\"toggle-Головна\"\u001b[39m\n            \u001b[36m/>\u001b[39m\n            \u001b[36m<button\u001b[39m\n              \u001b[33mdata-testid\u001b[39m=\u001b[32m\"close-Головна\"\u001b[39m\n            \u001b[36m/>\u001b[39m\n          \u001b[36m</div>\u001b[39m\n          \u001b[36m<div\u001b[39m\n            \u001b[33mdata-active\u001b[39m=\u001b[32m\"true\"\u001b[39m\n            \u001b[33mdata-label\u001b[39m=\u001b[32m\"Послуги\"\u001b[39m\n            \u001b[33mdata-testid\u001b[39m=\u001b[32m\"mobile-nav-item\"\u001b[39m\n          \u001b[36m>\u001b[39m\n            \u001b[36m<button\u001b[39m\n              \u001b[33mdata-testid\u001b[39m=\u001b[32m\"toggle-Послуги\"\u001b[39m\n            \u001b[36m/>\u001b[39m\n            \u001b[36m<button\u001b[39m\n              \u001b[33mdata-testid\u001b[39m=\u001b[32m\"close-Послуги\"\u001b[39m\n            \u001b[36m/>\u001b[39m\n          \u001b[36m</div>\u001b[39m\n          \u001b[36m<div\u001b[39m\n            \u001b[33mdata-active\u001b[39m=\u001b[32m\"false\"\u001b[39m\n            \u001b[33mdata-label\u001b[39m=\u001b[32m\"Галерея\"\u001b[39m\n            \u001b[33mdata-testid\u001b[39m=\u001b[32m\"mobile-nav-item\"\u001b[39m\n          \u001b[36m>\u001b[39m\n            \u001b[36m<button\u001b[39m\n              \u001b[33mdata-testid\u001b[39m=\u001b[32m\"toggle-Галерея\"\u001b[39m\n            \u001b[36m/>\u001b[39m\n            \u001b[36m<button\u001b[39m\n              \u001b[33mdata-testid\u001b[39m=\u001b[32m\"close-Галерея\"\u001b[39m\n            \u001b[36m/>\u001b[39m\n          \u001b[36m</div>\u001b[39m\n          \u001b[36m<div\u001b[39m\n            \u001b[33mdata-active\u001b[39m=\u001b[32m\"false\"\u001b[39m\n            \u001b[33mdata-label\u001b[39m=\u001b[32m\"Контакти\"\u001b[39m\n            \u001b[33mdata-testid\u001b[39m=\u001b[32m\"mobile-nav-item\"\u001b[39m\n          \u001b[36m>\u001b[39m\n            \u001b[36m<button\u001b[39m\n              \u001b[33mdata-testid\u001b[39m=\u001b[32m\"toggle-Контакти\"\u001b[39m\n            \u001b[36m/>\u001b[39m\n            \u001b[36m<button\u001b[39m\n              \u001b[33mdata-testid\u001b[39m=\u001b[32m\"close-Контакти\"\u001b[39m\n            \u001b[36m/>\u001b[39m\n          \u001b[36m</div>\u001b[39m\n        \u001b[36m</nav>\u001b[39m\n        \u001b[36m<div\u001b[39m\n          \u001b[33mclass\u001b[39m=\u001b[32m\"flex w-full flex-1 items-center\"\u001b[39m\n        \u001b[36m>\u001b[39m\n          \u001b[36m<div\u001b[39m\n            \u001b[33mdata-role\u001b[39m=\u001b[32m\"menu\"\u001b[39m\n            \u001b[33mdata-testid\u001b[39m=\u001b[32m\"contact-info-container\"\u001b[39m\n          \u001b[36m/>\u001b[39m\n        \u001b[36m</div>\u001b[39m\n      \u001b[36m</div>\u001b[39m\n    \u001b[36m</aside>\u001b[39m\n  \u001b[36m</div>\u001b[39m\n\u001b[36m</body>\u001b[39m\n    at Object.getElementError (D:\\projects\\ka_photographer_deploy\\node_modules\\@testing-library\\dom\\dist\\config.js:37:19)\n    at D:\\projects\\ka_photographer_deploy\\node_modules\\@testing-library\\dom\\dist\\query-helpers.js:76:38\n    at D:\\projects\\ka_photographer_deploy\\node_modules\\@testing-library\\dom\\dist\\query-helpers.js:52:17\n    at D:\\projects\\ka_photographer_deploy\\node_modules\\@testing-library\\dom\\dist\\query-helpers.js:95:19\n    at Object.<anonymous> (D:\\projects\\ka_photographer_deploy\\src\\components\\layout\\Header\\components\\MobileNav\\MobileNav.test.tsx:201:35)\n    at Promise.finally.completed (D:\\projects\\ka_photographer_deploy\\node_modules\\jest-circus\\build\\jestAdapterInit.js:1557:28)\n    at new Promise (<anonymous>)\n    at callAsyncCircusFn (D:\\projects\\ka_photographer_deploy\\node_modules\\jest-circus\\build\\jestAdapterInit.js:1497:10)\n    at _callCircusTest (D:\\projects\\ka_photographer_deploy\\node_modules\\jest-circus\\build\\jestAdapterInit.js:1007:40)\n    at _runTest (D:\\projects\\ka_photographer_deploy\\node_modules\\jest-circus\\build\\jestAdapterInit.js:947:3)\n    at D:\\projects\\ka_photographer_deploy\\node_modules\\jest-circus\\build\\jestAdapterInit.js:849:7\n    at _runTestsForDescribeBlock (D:\\projects\\ka_photographer_deploy\\node_modules\\jest-circus\\build\\jestAdapterInit.js:862:11)\n    at _runTestsForDescribeBlock (D:\\projects\\ka_photographer_deploy\\node_modules\\jest-circus\\build\\jestAdapterInit.js:857:11)\n    at _runTestsForDescribeBlock (D:\\projects\\ka_photographer_deploy\\node_modules\\jest-circus\\build\\jestAdapterInit.js:857:11)\n    at run (D:\\projects\\ka_photographer_deploy\\node_modules\\jest-circus\\build\\jestAdapterInit.js:761:3)\n    at runAndTransformResultsToJestFormat (D:\\projects\\ka_photographer_deploy\\node_modules\\jest-circus\\build\\jestAdapterInit.js:1918:21)\n    at jestAdapter (D:\\projects\\ka_photographer_deploy\\node_modules\\jest-circus\\build\\runner.js:101:19)\n    at runTestInternal (D:\\projects\\ka_photographer_deploy\\node_modules\\jest-runner\\build\\index.js:275:16)\n    at runTest (D:\\projects\\ka_photographer_deploy\\node_modules\\jest-runner\\build\\index.js:343:7)"],"fullName":"MobileNav when menu is open renders logout button when isAdmin is true and handles click","invocations":1,"location":null,"numPassingAsserts":0,"retryReasons":[],"startAt":1789474320647,"status":"failed","title":"renders logout button when isAdmin is true and handles click"},{"ancestorTitles":["MobileNav","when menu is open"],"duration":11,"failing":false,"failureDetails":[{"name":"TestingLibraryElementError"}],"failureMessages":["TestingLibraryElementError: Unable to find an element by: [data-testid=\"logout-button\"]\n\nIgnored nodes: comments, script, style\n\u001b[36m<body\u001b[39m\n  \u001b[33mstyle\u001b[39m=\u001b[32m\"overflow: hidden;\"\u001b[39m\n\u001b[36m>\u001b[39m\n  \u001b[36m<div>\u001b[39m\n    \u001b[36m<button\u001b[39m\n      \u001b[33maria-expanded\u001b[39m=\u001b[32m\"true\"\u001b[39m\n      \u001b[33maria-label\u001b[39m=\u001b[32m\"Закрити меню\"\u001b[39m\n      \u001b[33mclass\u001b[39m=\u001b[32m\"px-0 py-2 lg:hidden\"\u001b[39m\n      \u001b[33mdata-intent\u001b[39m=\u001b[32m\"minimal\"\u001b[39m\n      \u001b[33mdata-testid\u001b[39m=\u001b[32m\"open-menu-button\"\u001b[39m\n      \u001b[33mdisabled\u001b[39m=\u001b[32m\"\"\u001b[39m\n    \u001b[36m>\u001b[39m\n      \u001b[36m<div\u001b[39m\n        \u001b[33mdata-size\u001b[39m=\u001b[32m\"h-8 w-8\"\u001b[39m\n        \u001b[33mdata-testid\u001b[39m=\u001b[32m\"icon-burgerMenu\"\u001b[39m\n        \u001b[33micon\u001b[39m=\u001b[32m\"burger-mock\"\u001b[39m\n      \u001b[36m>\u001b[39m\n        \u001b[0mburgerMenu\u001b[0m\n      \u001b[36m</div>\u001b[39m\n    \u001b[36m</button>\u001b[39m\n    \u001b[36m<div\u001b[39m\n      \u001b[33mclass\u001b[39m=\u001b[32m\"fixed inset-0 z-[90] h-screen bg-primary/80 lg:hidden\"\u001b[39m\n      \u001b[33mdata-testid\u001b[39m=\u001b[32m\"menu-overlay\"\u001b[39m\n    \u001b[36m/>\u001b[39m\n    \u001b[36m<aside\u001b[39m\n      \u001b[33maria-hidden\u001b[39m=\u001b[32m\"false\"\u001b[39m\n      \u001b[33mclass\u001b[39m=\u001b[32m\"fixed left-0 top-0 z-[100] h-screen bg-primary px-4 py-2 shadow-lg lg:hidden\"\u001b[39m\n      \u001b[33mdata-testid\u001b[39m=\u001b[32m\"menu-panel\"\u001b[39m\n    \u001b[36m>\u001b[39m\n      \u001b[36m<div\u001b[39m\n        \u001b[33mclass\u001b[39m=\u001b[32m\"flex h-full flex-col\"\u001b[39m\n        \u001b[33mdata-testid\u001b[39m=\u001b[32m\"menu-panel-content\"\u001b[39m\n      \u001b[36m>\u001b[39m\n        \u001b[36m<div\u001b[39m\n          \u001b[33mclass\u001b[39m=\u001b[32m\"flex justify-between\"\u001b[39m\n        \u001b[36m>\u001b[39m\n          \u001b[36m<div\u001b[39m\n            \u001b[33mdata-testid\u001b[39m=\u001b[32m\"logo\"\u001b[39m\n          \u001b[36m/>\u001b[39m\n          \u001b[36m<button\u001b[39m\n            \u001b[33mclass\u001b[39m=\u001b[32m\"px-0 opacity-80\"\u001b[39m\n            \u001b[33mdata-intent\u001b[39m=\u001b[32m\"minimal\"\u001b[39m\n            \u001b[33mdata-testid\u001b[39m=\u001b[32m\"close-menu-button\"\u001b[39m\n          \u001b[36m>\u001b[39m\n            \u001b[36m<div\u001b[39m\n              \u001b[33mdata-size\u001b[39m=\u001b[32m\"w-6 h-6\"\u001b[39m\n              \u001b[33mdata-testid\u001b[39m=\u001b[32m\"icon-close\"\u001b[39m\n              \u001b[33micon\u001b[39m=\u001b[32m\"close-mock\"\u001b[39m\n            \u001b[36m>\u001b[39m\n              \u001b[0mclose\u001b[0m\n            \u001b[36m</div>\u001b[39m\n          \u001b[36m</button>\u001b[39m\n        \u001b[36m</div>\u001b[39m\n        \u001b[36m<nav\u001b[39m\n          \u001b[33mclass\u001b[39m=\u001b[32m\"mt-6\"\u001b[39m\n        \u001b[36m>\u001b[39m\n          \u001b[36m<div\u001b[39m\n            \u001b[33mdata-active\u001b[39m=\u001b[32m\"false\"\u001b[39m\n            \u001b[33mdata-label\u001b[39m=\u001b[32m\"Головна\"\u001b[39m\n            \u001b[33mdata-testid\u001b[39m=\u001b[32m\"mobile-nav-item\"\u001b[39m\n          \u001b[36m>\u001b[39m\n            \u001b[36m<button\u001b[39m\n              \u001b[33mdata-testid\u001b[39m=\u001b[32m\"toggle-Головна\"\u001b[39m\n            \u001b[36m/>\u001b[39m\n            \u001b[36m<button\u001b[39m\n              \u001b[33mdata-testid\u001b[39m=\u001b[32m\"close-Головна\"\u001b[39m\n            \u001b[36m/>\u001b[39m\n          \u001b[36m</div>\u001b[39m\n          \u001b[36m<div\u001b[39m\n            \u001b[33mdata-active\u001b[39m=\u001b[32m\"true\"\u001b[39m\n            \u001b[33mdata-label\u001b[39m=\u001b[32m\"Послуги\"\u001b[39m\n            \u001b[33mdata-testid\u001b[39m=\u001b[32m\"mobile-nav-item\"\u001b[39m\n          \u001b[36m>\u001b[39m\n            \u001b[36m<button\u001b[39m\n              \u001b[33mdata-testid\u001b[39m=\u001b[32m\"toggle-Послуги\"\u001b[39m\n            \u001b[36m/>\u001b[39m\n            \u001b[36m<button\u001b[39m\n              \u001b[33mdata-testid\u001b[39m=\u001b[32m\"close-Послуги\"\u001b[39m\n            \u001b[36m/>\u001b[39m\n          \u001b[36m</div>\u001b[39m\n          \u001b[36m<div\u001b[39m\n            \u001b[33mdata-active\u001b[39m=\u001b[32m\"false\"\u001b[39m\n            \u001b[33mdata-label\u001b[39m=\u001b[32m\"Галерея\"\u001b[39m\n            \u001b[33mdata-testid\u001b[39m=\u001b[32m\"mobile-nav-item\"\u001b[39m\n          \u001b[36m>\u001b[39m\n            \u001b[36m<button\u001b[39m\n              \u001b[33mdata-testid\u001b[39m=\u001b[32m\"toggle-Галерея\"\u001b[39m\n            \u001b[36m/>\u001b[39m\n            \u001b[36m<button\u001b[39m\n              \u001b[33mdata-testid\u001b[39m=\u001b[32m\"close-Галерея\"\u001b[39m\n            \u001b[36m/>\u001b[39m\n          \u001b[36m</div>\u001b[39m\n          \u001b[36m<div\u001b[39m\n            \u001b[33mdata-active\u001b[39m=\u001b[32m\"false\"\u001b[39m\n            \u001b[33mdata-label\u001b[39m=\u001b[32m\"Контакти\"\u001b[39m\n            \u001b[33mdata-testid\u001b[39m=\u001b[32m\"mobile-nav-item\"\u001b[39m\n          \u001b[36m>\u001b[39m\n            \u001b[36m<button\u001b[39m\n              \u001b[33mdata-testid\u001b[39m=\u001b[32m\"toggle-Контакти\"\u001b[39m\n            \u001b[36m/>\u001b[39m\n            \u001b[36m<button\u001b[39m\n              \u001b[33mdata-testid\u001b[39m=\u001b[32m\"close-Контакти\"\u001b[39m\n            \u001b[36m/>\u001b[39m\n          \u001b[36m</div>\u001b[39m\n        \u001b[36m</nav>\u001b[39m\n        \u001b[36m<div\u001b[39m\n          \u001b[33mclass\u001b[39m=\u001b[32m\"flex w-full flex-1 items-center\"\u001b[39m\n        \u001b[36m>\u001b[39m\n          \u001b[36m<div\u001b[39m\n            \u001b[33mdata-role\u001b[39m=\u001b[32m\"menu\"\u001b[39m\n            \u001b[33mdata-testid\u001b[39m=\u001b[32m\"contact-info-container\"\u001b[39m\n          \u001b[36m/>\u001b[39m\n        \u001b[36m</div>\u001b[39m\n      \u001b[36m</div>\u001b[39m\n    \u001b[36m</aside>\u001b[39m\n  \u001b[36m</div>\u001b[39m\n\u001b[36m</body>\u001b[39m\n    at Object.getElementError (D:\\projects\\ka_photographer_deploy\\node_modules\\@testing-library\\dom\\dist\\config.js:37:19)\n    at D:\\projects\\ka_photographer_deploy\\node_modules\\@testing-library\\dom\\dist\\query-helpers.js:76:38\n    at D:\\projects\\ka_photographer_deploy\\node_modules\\@testing-library\\dom\\dist\\query-helpers.js:52:17\n    at D:\\projects\\ka_photographer_deploy\\node_modules\\@testing-library\\dom\\dist\\query-helpers.js:95:19\n    at Object.<anonymous> (D:\\projects\\ka_photographer_deploy\\src\\components\\layout\\Header\\components\\MobileNav\\MobileNav.test.tsx:211:21)\n    at Promise.finally.completed (D:\\projects\\ka_photographer_deploy\\node_modules\\jest-circus\\build\\jestAdapterInit.js:1557:28)\n    at new Promise (<anonymous>)\n    at callAsyncCircusFn (D:\\projects\\ka_photographer_deploy\\node_modules\\jest-circus\\build\\jestAdapterInit.js:1497:10)\n    at _callCircusTest (D:\\projects\\ka_photographer_deploy\\node_modules\\jest-circus\\build\\jestAdapterInit.js:1007:40)\n    at _runTest (D:\\projects\\ka_photographer_deploy\\node_modules\\jest-circus\\build\\jestAdapterInit.js:947:3)\n    at D:\\projects\\ka_photographer_deploy\\node_modules\\jest-circus\\build\\jestAdapterInit.js:849:7\n    at _runTestsForDescribeBlock (D:\\projects\\ka_photographer_deploy\\node_modules\\jest-circus\\build\\jestAdapterInit.js:862:11)\n    at _runTestsForDescribeBlock (D:\\projects\\ka_photographer_deploy\\node_modules\\jest-circus\\build\\jestAdapterInit.js:857:11)\n    at _runTestsForDescribeBlock (D:\\projects\\ka_photographer_deploy\\node_modules\\jest-circus\\build\\jestAdapterInit.js:857:11)\n    at run (D:\\projects\\ka_photographer_deploy\\node_modules\\jest-circus\\build\\jestAdapterInit.js:761:3)\n    at runAndTransformResultsToJestFormat (D:\\projects\\ka_photographer_deploy\\node_modules\\jest-circus\\build\\jestAdapterInit.js:1918:21)\n    at jestAdapter (D:\\projects\\ka_photographer_deploy\\node_modules\\jest-circus\\build\\runner.js:101:19)\n    at runTestInternal (D:\\projects\\ka_photographer_deploy\\node_modules\\jest-runner\\build\\index.js:275:16)\n    at runTest (D:\\projects\\ka_photographer_deploy\\node_modules\\jest-runner\\build\\index.js:343:7)"],"fullName":"MobileNav when menu is open disables logout button when isLoggingOut is true","invocations":1,"location":null,"numPassingAsserts":0,"retryReasons":[],"startAt":1789474320681,"status":"failed","title":"disables logout button when isLoggingOut is true"},{"ancestorTitles":["MobileNav","when menu is open"],"duration":9,"failing":false,"failureDetails":[],"failureMessages":[],"fullName":"MobileNav when menu is open renders ContactInfo with role=\"menu\"","invocations":1,"location":null,"numPassingAsserts":1,"retryReasons":[],"startAt":1789474320693,"status":"passed","title":"renders ContactInfo with role=\"menu\""},{"ancestorTitles":["MobileNav","when menu is open"],"duration":65,"failing":false,"failureDetails":[],"failureMessages":[],"fullName":"MobileNav when menu is open sets body overflow hidden when open","invocations":1,"location":null,"numPassingAsserts":1,"retryReasons":[],"startAt":1789474320704,"status":"passed","title":"sets body overflow hidden when open"},{"ancestorTitles":["MobileNav","when menu is closed"],"duration":7,"failing":false,"failureDetails":[],"failureMessages":[],"fullName":"MobileNav when menu is closed does not render overlay and panel","invocations":1,"location":null,"numPassingAsserts":2,"retryReasons":[],"startAt":1789474320770,"status":"passed","title":"does not render overlay and panel"},{"ancestorTitles":["MobileNav","when menu is closed"],"duration":6,"failing":false,"failureDetails":[],"failureMessages":[],"fullName":"MobileNav when menu is closed resets body overflow on unmount","invocations":1,"location":null,"numPassingAsserts":1,"retryReasons":[],"startAt":1789474320777,"status":"passed","title":"resets body overflow on unmount"},{"ancestorTitles":["MobileNav","animation props"],"duration":8,"failing":false,"failureDetails":[],"failureMessages":[],"fullName":"MobileNav animation props passes overlayVariants to overlay motion.div","invocations":1,"location":null,"numPassingAsserts":1,"retryReasons":[],"startAt":1789474320783,"status":"passed","title":"passes overlayVariants to overlay motion.div"},{"ancestorTitles":["MobileNav","animation props"],"duration":7,"failing":false,"failureDetails":[],"failureMessages":[],"fullName":"MobileNav animation props passes panelVariants and fadeIn to panel motion.aside","invocations":1,"location":null,"numPassingAsserts":3,"retryReasons":[],"startAt":1789474320792,"status":"passed","title":"passes panelVariants and fadeIn to panel motion.aside"}],"endTime":1789474320854,"message":"\u001b[1m\u001b[31m  \u001b[1m● \u001b[22m\u001b[1mMobileNav › when menu is open › renders logout button when isAdmin is true and handles click\u001b[39m\u001b[22m\n\n    TestingLibraryElementError: Unable to find an element by: [data-testid=\"logout-button\"]\n\n    Ignored nodes: comments, script, style\n    \u001b[36m<body\u001b[39m\n      \u001b[33mstyle\u001b[39m=\u001b[32m\"overflow: hidden;\"\u001b[39m\n    \u001b[36m>\u001b[39m\n      \u001b[36m<div>\u001b[39m\n        \u001b[36m<button\u001b[39m\n          \u001b[33maria-expanded\u001b[39m=\u001b[32m\"true\"\u001b[39m\n          \u001b[33maria-label\u001b[39m=\u001b[32m\"Закрити меню\"\u001b[39m\n          \u001b[33mclass\u001b[39m=\u001b[32m\"px-0 py-2 lg:hidden\"\u001b[39m\n          \u001b[33mdata-intent\u001b[39m=\u001b[32m\"minimal\"\u001b[39m\n          \u001b[33mdata-testid\u001b[39m=\u001b[32m\"open-menu-button\"\u001b[39m\n          \u001b[33mdisabled\u001b[39m=\u001b[32m\"\"\u001b[39m\n        \u001b[36m>\u001b[39m\n          \u001b[36m<div\u001b[39m\n            \u001b[33mdata-size\u001b[39m=\u001b[32m\"h-8 w-8\"\u001b[39m\n            \u001b[33mdata-testid\u001b[39m=\u001b[32m\"icon-burgerMenu\"\u001b[39m\n            \u001b[33micon\u001b[39m=\u001b[32m\"burger-mock\"\u001b[39m\n          \u001b[36m>\u001b[39m\n            \u001b[0mburgerMenu\u001b[0m\n          \u001b[36m</div>\u001b[39m\n        \u001b[36m</button>\u001b[39m\n        \u001b[36m<div\u001b[39m\n          \u001b[33mclass\u001b[39m=\u001b[32m\"fixed inset-0 z-[90] h-screen bg-primary/80 lg:hidden\"\u001b[39m\n          \u001b[33mdata-testid\u001b[39m=\u001b[32m\"menu-overlay\"\u001b[39m\n        \u001b[36m/>\u001b[39m\n        \u001b[36m<aside\u001b[39m\n          \u001b[33maria-hidden\u001b[39m=\u001b[32m\"false\"\u001b[39m\n          \u001b[33mclass\u001b[39m=\u001b[32m\"fixed left-0 top-0 z-[100] h-screen bg-primary px-4 py-2 shadow-lg lg:hidden\"\u001b[39m\n          \u001b[33mdata-testid\u001b[39m=\u001b[32m\"menu-panel\"\u001b[39m\n        \u001b[36m>\u001b[39m\n          \u001b[36m<div\u001b[39m\n            \u001b[33mclass\u001b[39m=\u001b[32m\"flex h-full flex-col\"\u001b[39m\n            \u001b[33mdata-testid\u001b[39m=\u001b[32m\"menu-panel-content\"\u001b[39m\n          \u001b[36m>\u001b[39m\n            \u001b[36m<div\u001b[39m\n              \u001b[33mclass\u001b[39m=\u001b[32m\"flex justify-between\"\u001b[39m\n            \u001b[36m>\u001b[39m\n              \u001b[36m<div\u001b[39m\n                \u001b[33mdata-testid\u001b[39m=\u001b[32m\"logo\"\u001b[39m\n              \u001b[36m/>\u001b[39m\n              \u001b[36m<button\u001b[39m\n                \u001b[33mclass\u001b[39m=\u001b[32m\"px-0 opacity-80\"\u001b[39m\n                \u001b[33mdata-intent\u001b[39m=\u001b[32m\"minimal\"\u001b[39m\n                \u001b[33mdata-testid\u001b[39m=\u001b[32m\"close-menu-button\"\u001b[39m\n              \u001b[36m>\u001b[39m\n                \u001b[36m<div\u001b[39m\n                  \u001b[33mdata-size\u001b[39m=\u001b[32m\"w-6 h-6\"\u001b[39m\n                  \u001b[33mdata-testid\u001b[39m=\u001b[32m\"icon-close\"\u001b[39m\n                  \u001b[33micon\u001b[39m=\u001b[32m\"close-mock\"\u001b[39m\n                \u001b[36m>\u001b[39m\n                  \u001b[0mclose\u001b[0m\n                \u001b[36m</div>\u001b[39m\n              \u001b[36m</button>\u001b[39m\n            \u001b[36m</div>\u001b[39m\n            \u001b[36m<nav\u001b[39m\n              \u001b[33mclass\u001b[39m=\u001b[32m\"mt-6\"\u001b[39m\n            \u001b[36m>\u001b[39m\n              \u001b[36m<div\u001b[39m\n                \u001b[33mdata-active\u001b[39m=\u001b[32m\"false\"\u001b[39m\n                \u001b[33mdata-label\u001b[39m=\u001b[32m\"Головна\"\u001b[39m\n                \u001b[33mdata-testid\u001b[39m=\u001b[32m\"mobile-nav-item\"\u001b[39m\n              \u001b[36m>\u001b[39m\n                \u001b[36m<button\u001b[39m\n                  \u001b[33mdata-testid\u001b[39m=\u001b[32m\"toggle-Головна\"\u001b[39m\n                \u001b[36m/>\u001b[39m\n                \u001b[36m<button\u001b[39m\n                  \u001b[33mdata-testid\u001b[39m=\u001b[32m\"close-Головна\"\u001b[39m\n                \u001b[36m/>\u001b[39m\n              \u001b[36m</div>\u001b[39m\n              \u001b[36m<div\u001b[39m\n                \u001b[33mdata-active\u001b[39m=\u001b[32m\"true\"\u001b[39m\n                \u001b[33mdata-label\u001b[39m=\u001b[32m\"Послуги\"\u001b[39m\n                \u001b[33mdata-testid\u001b[39m=\u001b[32m\"mobile-nav-item\"\u001b[39m\n              \u001b[36m>\u001b[39m\n                \u001b[36m<button\u001b[39m\n                  \u001b[33mdata-testid\u001b[39m=\u001b[32m\"toggle-Послуги\"\u001b[39m\n                \u001b[36m/>\u001b[39m\n                \u001b[36m<button\u001b[39m\n                  \u001b[33mdata-testid\u001b[39m=\u001b[32m\"close-Послуги\"\u001b[39m\n                \u001b[36m/>\u001b[39m\n              \u001b[36m</div>\u001b[39m\n              \u001b[36m<div\u001b[39m\n                \u001b[33mdata-active\u001b[39m=\u001b[32m\"false\"\u001b[39m\n                \u001b[33mdata-label\u001b[39m=\u001b[32m\"Галерея\"\u001b[39m\n                \u001b[33mdata-testid\u001b[39m=\u001b[32m\"mobile-nav-item\"\u001b[39m\n              \u001b[36m>\u001b[39m\n                \u001b[36m<button\u001b[39m\n                  \u001b[33mdata-testid\u001b[39m=\u001b[32m\"toggle-Галерея\"\u001b[39m\n                \u001b[36m/>\u001b[39m\n                \u001b[36m<button\u001b[39m\n                  \u001b[33mdata-testid\u001b[39m=\u001b[32m\"close-Галерея\"\u001b[39m\n                \u001b[36m/>\u001b[39m\n              \u001b[36m</div>\u001b[39m\n              \u001b[36m<div\u001b[39m\n                \u001b[33mdata-active\u001b[39m=\u001b[32m\"false\"\u001b[39m\n                \u001b[33mdata-label\u001b[39m=\u001b[32m\"Контакти\"\u001b[39m\n                \u001b[33mdata-testid\u001b[39m=\u001b[32m\"mobile-nav-item\"\u001b[39m\n              \u001b[36m>\u001b[39m\n                \u001b[36m<button\u001b[39m\n                  \u001b[33mdata-testid\u001b[39m=\u001b[32m\"toggle-Контакти\"\u001b[39m\n                \u001b[36m/>\u001b[39m\n                \u001b[36m<button\u001b[39m\n                  \u001b[33mdata-testid\u001b[39m=\u001b[32m\"close-Контакти\"\u001b[39m\n                \u001b[36m/>\u001b[39m\n              \u001b[36m</div>\u001b[39m\n            \u001b[36m</nav>\u001b[39m\n            \u001b[36m<div\u001b[39m\n              \u001b[33mclass\u001b[39m=\u001b[32m\"flex w-full flex-1 items-center\"\u001b[39m\n            \u001b[36m>\u001b[39m\n              \u001b[36m<div\u001b[39m\n                \u001b[33mdata-role\u001b[39m=\u001b[32m\"menu\"\u001b[39m\n                \u001b[33mdata-testid\u001b[39m=\u001b[32m\"contact-info-container\"\u001b[39m\n              \u001b[36m/>\u001b[39m\n            \u001b[36m</div>\u001b[39m\n          \u001b[36m</div>\u001b[39m\n        \u001b[36m</aside>\u001b[39m\n      \u001b[36m</div>\u001b[39m\n    \u001b[36m</body>\u001b[39m\n\u001b[2m\u001b[22m\n\u001b[2m    \u001b[0m \u001b[90m 199 |\u001b[39m       renderComponent({ isAdmin\u001b[33m:\u001b[39m \u001b[36mtrue\u001b[39m })\u001b[33m;\u001b[39m\u001b[22m\n\u001b[2m     \u001b[90m 200 |\u001b[39m\u001b[22m\n\u001b[2m    \u001b[31m\u001b[1m>\u001b[22m\u001b[2m\u001b[39m\u001b[90m 201 |\u001b[39m       \u001b[36mconst\u001b[39m logoutButton \u001b[33m=\u001b[39m screen\u001b[33m.\u001b[39mgetByTestId(\u001b[32m'logout-button'\u001b[39m)\u001b[33m;\u001b[39m\u001b[22m\n\u001b[2m     \u001b[90m     |\u001b[39m                                   \u001b[31m\u001b[1m^\u001b[22m\u001b[2m\u001b[39m\u001b[22m\n\u001b[2m     \u001b[90m 202 |\u001b[39m       expect(logoutButton)\u001b[33m.\u001b[39mtoBeInTheDocument()\u001b[33m;\u001b[39m\u001b[22m\n\u001b[2m     \u001b[90m 203 |\u001b[39m       expect(screen\u001b[33m.\u001b[39mgetByTestId(\u001b[32m'icon-logout'\u001b[39m))\u001b[33m.\u001b[39mtoBeInTheDocument()\u001b[33m;\u001b[39m\u001b[22m\n\u001b[2m     \u001b[90m 204 |\u001b[39m\u001b[0m\u001b[22m\n\u001b[2m\u001b[22m\n\u001b[2m      \u001b[2mat Object.getElementError (\u001b[22m\u001b[2mnode_modules/@testing-library/dom/dist/config.js\u001b[2m:37:19)\u001b[22m\u001b[2m\u001b[22m\n\u001b[2m      \u001b[2mat \u001b[22m\u001b[2mnode_modules/@testing-library/dom/dist/query-helpers.js\u001b[2m:76:38\u001b[22m\u001b[2m\u001b[22m\n\u001b[2m      \u001b[2mat \u001b[22m\u001b[2mnode_modules/@testing-library/dom/dist/query-helpers.js\u001b[2m:52:17\u001b[22m\u001b[2m\u001b[22m\n\u001b[2m      \u001b[2mat \u001b[22m\u001b[2mnode_modules/@testing-library/dom/dist/query-helpers.js\u001b[2m:95:19\u001b[22m\u001b[2m\u001b[22m\n\u001b[2m      \u001b[2mat Object.<anonymous> (\u001b[22m\u001b[2m\u001b[0m\u001b[36msrc/components/layout/Header/components/MobileNav/MobileNav.test.tsx\u001b[39m\u001b[0m\u001b[2m:201:35)\u001b[22m\u001b[2m\u001b[22m\n\n\u001b[1m\u001b[31m  \u001b[1m● \u001b[22m\u001b[1mMobileNav › when menu is open › disables logout button when isLoggingOut is true\u001b[39m\u001b[22m\n\n    TestingLibraryElementError: Unable to find an element by: [data-testid=\"logout-button\"]\n\n    Ignored nodes: comments, script, style\n    \u001b[36m<body\u001b[39m\n      \u001b[33mstyle\u001b[39m=\u001b[32m\"overflow: hidden;\"\u001b[39m\n    \u001b[36m>\u001b[39m\n      \u001b[36m<div>\u001b[39m\n        \u001b[36m<button\u001b[39m\n          \u001b[33maria-expanded\u001b[39m=\u001b[32m\"true\"\u001b[39m\n          \u001b[33maria-label\u001b[39m=\u001b[32m\"Закрити меню\"\u001b[39m\n          \u001b[33mclass\u001b[39m=\u001b[32m\"px-0 py-2 lg:hidden\"\u001b[39m\n          \u001b[33mdata-intent\u001b[39m=\u001b[32m\"minimal\"\u001b[39m\n          \u001b[33mdata-testid\u001b[39m=\u001b[32m\"open-menu-button\"\u001b[39m\n          \u001b[33mdisabled\u001b[39m=\u001b[32m\"\"\u001b[39m\n        \u001b[36m>\u001b[39m\n          \u001b[36m<div\u001b[39m\n            \u001b[33mdata-size\u001b[39m=\u001b[32m\"h-8 w-8\"\u001b[39m\n            \u001b[33mdata-testid\u001b[39m=\u001b[32m\"icon-burgerMenu\"\u001b[39m\n            \u001b[33micon\u001b[39m=\u001b[32m\"burger-mock\"\u001b[39m\n          \u001b[36m>\u001b[39m\n            \u001b[0mburgerMenu\u001b[0m\n          \u001b[36m</div>\u001b[39m\n        \u001b[36m</button>\u001b[39m\n        \u001b[36m<div\u001b[39m\n          \u001b[33mclass\u001b[39m=\u001b[32m\"fixed inset-0 z-[90] h-screen bg-primary/80 lg:hidden\"\u001b[39m\n          \u001b[33mdata-testid\u001b[39m=\u001b[32m\"menu-overlay\"\u001b[39m\n        \u001b[36m/>\u001b[39m\n        \u001b[36m<aside\u001b[39m\n          \u001b[33maria-hidden\u001b[39m=\u001b[32m\"false\"\u001b[39m\n          \u001b[33mclass\u001b[39m=\u001b[32m\"fixed left-0 top-0 z-[100] h-screen bg-primary px-4 py-2 shadow-lg lg:hidden\"\u001b[39m\n          \u001b[33mdata-testid\u001b[39m=\u001b[32m\"menu-panel\"\u001b[39m\n        \u001b[36m>\u001b[39m\n          \u001b[36m<div\u001b[39m\n            \u001b[33mclass\u001b[39m=\u001b[32m\"flex h-full flex-col\"\u001b[39m\n            \u001b[33mdata-testid\u001b[39m=\u001b[32m\"menu-panel-content\"\u001b[39m\n          \u001b[36m>\u001b[39m\n            \u001b[36m<div\u001b[39m\n              \u001b[33mclass\u001b[39m=\u001b[32m\"flex justify-between\"\u001b[39m\n            \u001b[36m>\u001b[39m\n              \u001b[36m<div\u001b[39m\n                \u001b[33mdata-testid\u001b[39m=\u001b[32m\"logo\"\u001b[39m\n              \u001b[36m/>\u001b[39m\n              \u001b[36m<button\u001b[39m\n                \u001b[33mclass\u001b[39m=\u001b[32m\"px-0 opacity-80\"\u001b[39m\n                \u001b[33mdata-intent\u001b[39m=\u001b[32m\"minimal\"\u001b[39m\n                \u001b[33mdata-testid\u001b[39m=\u001b[32m\"close-menu-button\"\u001b[39m\n              \u001b[36m>\u001b[39m\n                \u001b[36m<div\u001b[39m\n                  \u001b[33mdata-size\u001b[39m=\u001b[32m\"w-6 h-6\"\u001b[39m\n                  \u001b[33mdata-testid\u001b[39m=\u001b[32m\"icon-close\"\u001b[39m\n                  \u001b[33micon\u001b[39m=\u001b[32m\"close-mock\"\u001b[39m\n                \u001b[36m>\u001b[39m\n                  \u001b[0mclose\u001b[0m\n                \u001b[36m</div>\u001b[39m\n              \u001b[36m</button>\u001b[39m\n            \u001b[36m</div>\u001b[39m\n            \u001b[36m<nav\u001b[39m\n              \u001b[33mclass\u001b[39m=\u001b[32m\"mt-6\"\u001b[39m\n            \u001b[36m>\u001b[39m\n              \u001b[36m<div\u001b[39m\n                \u001b[33mdata-active\u001b[39m=\u001b[32m\"false\"\u001b[39m\n                \u001b[33mdata-label\u001b[39m=\u001b[32m\"Головна\"\u001b[39m\n                \u001b[33mdata-testid\u001b[39m=\u001b[32m\"mobile-nav-item\"\u001b[39m\n              \u001b[36m>\u001b[39m\n                \u001b[36m<button\u001b[39m\n                  \u001b[33mdata-testid\u001b[39m=\u001b[32m\"toggle-Головна\"\u001b[39m\n                \u001b[36m/>\u001b[39m\n                \u001b[36m<button\u001b[39m\n                  \u001b[33mdata-testid\u001b[39m=\u001b[32m\"close-Головна\"\u001b[39m\n                \u001b[36m/>\u001b[39m\n              \u001b[36m</div>\u001b[39m\n              \u001b[36m<div\u001b[39m\n                \u001b[33mdata-active\u001b[39m=\u001b[32m\"true\"\u001b[39m\n                \u001b[33mdata-label\u001b[39m=\u001b[32m\"Послуги\"\u001b[39m\n                \u001b[33mdata-testid\u001b[39m=\u001b[32m\"mobile-nav-item\"\u001b[39m\n              \u001b[36m>\u001b[39m\n                \u001b[36m<button\u001b[39m\n                  \u001b[33mdata-testid\u001b[39m=\u001b[32m\"toggle-Послуги\"\u001b[39m\n                \u001b[36m/>\u001b[39m\n                \u001b[36m<button\u001b[39m\n                  \u001b[33mdata-testid\u001b[39m=\u001b[32m\"close-Послуги\"\u001b[39m\n                \u001b[36m/>\u001b[39m\n              \u001b[36m</div>\u001b[39m\n              \u001b[36m<div\u001b[39m\n                \u001b[33mdata-active\u001b[39m=\u001b[32m\"false\"\u001b[39m\n                \u001b[33mdata-label\u001b[39m=\u001b[32m\"Галерея\"\u001b[39m\n                \u001b[33mdata-testid\u001b[39m=\u001b[32m\"mobile-nav-item\"\u001b[39m\n              \u001b[36m>\u001b[39m\n                \u001b[36m<button\u001b[39m\n                  \u001b[33mdata-testid\u001b[39m=\u001b[32m\"toggle-Галерея\"\u001b[39m\n                \u001b[36m/>\u001b[39m\n                \u001b[36m<button\u001b[39m\n                  \u001b[33mdata-testid\u001b[39m=\u001b[32m\"close-Галерея\"\u001b[39m\n                \u001b[36m/>\u001b[39m\n              \u001b[36m</div>\u001b[39m\n              \u001b[36m<div\u001b[39m\n                \u001b[33mdata-active\u001b[39m=\u001b[32m\"false\"\u001b[39m\n                \u001b[33mdata-label\u001b[39m=\u001b[32m\"Контакти\"\u001b[39m\n                \u001b[33mdata-testid\u001b[39m=\u001b[32m\"mobile-nav-item\"\u001b[39m\n              \u001b[36m>\u001b[39m\n                \u001b[36m<button\u001b[39m\n                  \u001b[33mdata-testid\u001b[39m=\u001b[32m\"toggle-Контакти\"\u001b[39m\n                \u001b[36m/>\u001b[39m\n                \u001b[36m<button\u001b[39m\n                  \u001b[33mdata-testid\u001b[39m=\u001b[32m\"close-Контакти\"\u001b[39m\n                \u001b[36m/>\u001b[39m\n              \u001b[36m</div>\u001b[39m\n            \u001b[36m</nav>\u001b[39m\n            \u001b[36m<div\u001b[39m\n              \u001b[33mclass\u001b[39m=\u001b[32m\"flex w-full flex-1 items-center\"\u001b[39m\n            \u001b[36m>\u001b[39m\n              \u001b[36m<div\u001b[39m\n                \u001b[33mdata-role\u001b[39m=\u001b[32m\"menu\"\u001b[39m\n                \u001b[33mdata-testid\u001b[39m=\u001b[32m\"contact-info-container\"\u001b[39m\n              \u001b[36m/>\u001b[39m\n            \u001b[36m</div>\u001b[39m\n          \u001b[36m</div>\u001b[39m\n        \u001b[36m</aside>\u001b[39m\n      \u001b[36m</div>\u001b[39m\n    \u001b[36m</body>\u001b[39m\n\u001b[2m\u001b[22m\n\u001b[2m    \u001b[0m \u001b[90m 209 |\u001b[39m     it(\u001b[32m'disables logout button when isLoggingOut is true'\u001b[39m\u001b[33m,\u001b[39m () \u001b[33m=>\u001b[39m {\u001b[22m\n\u001b[2m     \u001b[90m 210 |\u001b[39m       renderComponent({ isAdmin\u001b[33m:\u001b[39m \u001b[36mtrue\u001b[39m\u001b[33m,\u001b[39m isLoggingOut\u001b[33m:\u001b[39m \u001b[36mtrue\u001b[39m })\u001b[33m;\u001b[39m\u001b[22m\n\u001b[2m    \u001b[31m\u001b[1m>\u001b[22m\u001b[2m\u001b[39m\u001b[90m 211 |\u001b[39m       expect(screen\u001b[33m.\u001b[39mgetByTestId(\u001b[32m'logout-button'\u001b[39m))\u001b[33m.\u001b[39mtoBeDisabled()\u001b[33m;\u001b[39m\u001b[22m\n\u001b[2m     \u001b[90m     |\u001b[39m                     \u001b[31m\u001b[1m^\u001b[22m\u001b[2m\u001b[39m\u001b[22m\n\u001b[2m     \u001b[90m 212 |\u001b[39m     })\u001b[33m;\u001b[39m\u001b[22m\n\u001b[2m     \u001b[90m 213 |\u001b[39m\u001b[22m\n\u001b[2m     \u001b[90m 214 |\u001b[39m     it(\u001b[32m'renders ContactInfo with role=\"menu\"'\u001b[39m\u001b[33m,\u001b[39m () \u001b[33m=>\u001b[39m {\u001b[0m\u001b[22m\n\u001b[2m\u001b[22m\n\u001b[2m      \u001b[2mat Object.getElementError (\u001b[22m\u001b[2mnode_modules/@testing-library/dom/dist/config.js\u001b[2m:37:19)\u001b[22m\u001b[2m\u001b[22m\n\u001b[2m      \u001b[2mat \u001b[22m\u001b[2mnode_modules/@testing-library/dom/dist/query-helpers.js\u001b[2m:76:38\u001b[22m\u001b[2m\u001b[22m\n\u001b[2m      \u001b[2mat \u001b[22m\u001b[2mnode_modules/@testing-library/dom/dist/query-helpers.js\u001b[2m:52:17\u001b[22m\u001b[2m\u001b[22m\n\u001b[2m      \u001b[2mat \u001b[22m\u001b[2mnode_modules/@testing-library/dom/dist/query-helpers.js\u001b[2m:95:19\u001b[22m\u001b[2m\u001b[22m\n\u001b[2m      \u001b[2mat Object.<anonymous> (\u001b[22m\u001b[2m\u001b[0m\u001b[36msrc/components/layout/Header/components/MobileNav/MobileNav.test.tsx\u001b[39m\u001b[0m\u001b[2m:211:21)\u001b[22m\u001b[2m\u001b[22m\n","name":"D:\\projects\\ka_photographer_deploy\\src\\components\\layout\\Header\\components\\MobileNav\\MobileNav.test.tsx","startTime":1789474319047,"status":"failed","summary":""},{"assertionResults":[{"ancestorTitles":["GoBackButton"],"duration":7,"failing":false,"failureDetails":[{"name":"TestingLibraryElementError"}],"failureMessages":["TestingLibraryElementError: Unable to find an element by: [data-testid=\"button\"]\n\nIgnored nodes: comments, script, style\n\u001b[36m<body>\u001b[39m\n  \u001b[36m<div>\u001b[39m\n    \u001b[36m<button\u001b[39m\n      \u001b[33maria-label\u001b[39m=\u001b[32m\"Повернутися назад\"\u001b[39m\n      \u001b[33mdata-intent\u001b[39m=\u001b[32m\"primary\"\u001b[39m\n      \u001b[33mdata-size\u001b[39m=\u001b[32m\"iconLg\"\u001b[39m\n      \u001b[33mdata-testid\u001b[39m=\u001b[32m\"go-back-button\"\u001b[39m\n    \u001b[36m>\u001b[39m\n      \u001b[36m<div\u001b[39m\n        \u001b[33mdata-size\u001b[39m=\u001b[32m\"h-8 w-8\"\u001b[39m\n        \u001b[33mdata-testid\u001b[39m=\u001b[32m\"icon-arrow-left\"\u001b[39m\n        \u001b[33micon\u001b[39m=\u001b[32m\"test-file-stub\"\u001b[39m\n      \u001b[36m>\u001b[39m\n        \u001b[0marrow-left\u001b[0m\n      \u001b[36m</div>\u001b[39m\n    \u001b[36m</button>\u001b[39m\n  \u001b[36m</div>\u001b[39m\n\u001b[36m</body>\u001b[39m\n    at Object.getElementError (D:\\projects\\ka_photographer_deploy\\node_modules\\@testing-library\\dom\\dist\\config.js:37:19)\n    at D:\\projects\\ka_photographer_deploy\\node_modules\\@testing-library\\dom\\dist\\query-helpers.js:76:38\n    at D:\\projects\\ka_photographer_deploy\\node_modules\\@testing-library\\dom\\dist\\query-helpers.js:52:17\n    at D:\\projects\\ka_photographer_deploy\\node_modules\\@testing-library\\dom\\dist\\query-helpers.js:95:19\n    at Object.<anonymous> (D:\\projects\\ka_photographer_deploy\\src\\components\\ui\\GoBackButton\\GoBackButton.test.tsx:36:27)\n    at Promise.finally.completed (D:\\projects\\ka_photographer_deploy\\node_modules\\jest-circus\\build\\jestAdapterInit.js:1557:28)\n    at new Promise (<anonymous>)\n    at callAsyncCircusFn (D:\\projects\\ka_photographer_deploy\\node_modules\\jest-circus\\build\\jestAdapterInit.js:1497:10)\n    at _callCircusTest (D:\\projects\\ka_photographer_deploy\\node_modules\\jest-circus\\build\\jestAdapterInit.js:1007:40)\n    at _runTest (D:\\projects\\ka_photographer_deploy\\node_modules\\jest-circus\\build\\jestAdapterInit.js:947:3)\n    at D:\\projects\\ka_photographer_deploy\\node_modules\\jest-circus\\build\\jestAdapterInit.js:849:7\n    at _runTestsForDescribeBlock (D:\\projects\\ka_photographer_deploy\\node_modules\\jest-circus\\build\\jestAdapterInit.js:862:11)\n    at _runTestsForDescribeBlock (D:\\projects\\ka_photographer_deploy\\node_modules\\jest-circus\\build\\jestAdapterInit.js:857:11)\n    at run (D:\\projects\\ka_photographer_deploy\\node_modules\\jest-circus\\build\\jestAdapterInit.js:761:3)\n    at runAndTransformResultsToJestFormat (D:\\projects\\ka_photographer_deploy\\node_modules\\jest-circus\\build\\jestAdapterInit.js:1918:21)\n    at jestAdapter (D:\\projects\\ka_photographer_deploy\\node_modules\\jest-circus\\build\\runner.js:101:19)\n    at runTestInternal (D:\\projects\\ka_photographer_deploy\\node_modules\\jest-runner\\build\\index.js:275:16)\n    at runTest (D:\\projects\\ka_photographer_deploy\\node_modules\\jest-runner\\build\\index.js:343:7)"],"fullName":"GoBackButton renders a button with correct props","invocations":1,"location":null,"numPassingAsserts":0,"retryReasons":[],"startAt":1789474321364,"status":"failed","title":"renders a button with correct props"},{"ancestorTitles":["GoBackButton"],"duration":4,"failing":false,"failureDetails":[],"failureMessages":[],"fullName":"GoBackButton renders Icon with correct props","invocations":1,"location":null,"numPassingAsserts":3,"retryReasons":[],"startAt":1789474321378,"status":"passed","title":"renders Icon with correct props"},{"ancestorTitles":["GoBackButton"],"duration":6,"failing":false,"failureDetails":[{"name":"TestingLibraryElementError"}],"failureMessages":["TestingLibraryElementError: Unable to find an element by: [data-testid=\"button\"]\n\nIgnored nodes: comments, script, style\n\u001b[36m<body>\u001b[39m\n  \u001b[36m<div>\u001b[39m\n    \u001b[36m<button\u001b[39m\n      \u001b[33maria-label\u001b[39m=\u001b[32m\"Повернутися назад\"\u001b[39m\n      \u001b[33mdata-intent\u001b[39m=\u001b[32m\"primary\"\u001b[39m\n      \u001b[33mdata-size\u001b[39m=\u001b[32m\"iconLg\"\u001b[39m\n      \u001b[33mdata-testid\u001b[39m=\u001b[32m\"go-back-button\"\u001b[39m\n    \u001b[36m>\u001b[39m\n      \u001b[36m<div\u001b[39m\n        \u001b[33mdata-size\u001b[39m=\u001b[32m\"h-8 w-8\"\u001b[39m\n        \u001b[33mdata-testid\u001b[39m=\u001b[32m\"icon-arrow-left\"\u001b[39m\n        \u001b[33micon\u001b[39m=\u001b[32m\"test-file-stub\"\u001b[39m\n      \u001b[36m>\u001b[39m\n        \u001b[0marrow-left\u001b[0m\n      \u001b[36m</div>\u001b[39m\n    \u001b[36m</button>\u001b[39m\n  \u001b[36m</div>\u001b[39m\n\u001b[36m</body>\u001b[39m\n    at Object.getElementError (D:\\projects\\ka_photographer_deploy\\node_modules\\@testing-library\\dom\\dist\\config.js:37:19)\n    at D:\\projects\\ka_photographer_deploy\\node_modules\\@testing-library\\dom\\dist\\query-helpers.js:76:38\n    at D:\\projects\\ka_photographer_deploy\\node_modules\\@testing-library\\dom\\dist\\query-helpers.js:52:17\n    at D:\\projects\\ka_photographer_deploy\\node_modules\\@testing-library\\dom\\dist\\query-helpers.js:95:19\n    at Object.<anonymous> (D:\\projects\\ka_photographer_deploy\\src\\components\\ui\\GoBackButton\\GoBackButton.test.tsx:59:27)\n    at Promise.finally.completed (D:\\projects\\ka_photographer_deploy\\node_modules\\jest-circus\\build\\jestAdapterInit.js:1557:28)\n    at new Promise (<anonymous>)\n    at callAsyncCircusFn (D:\\projects\\ka_photographer_deploy\\node_modules\\jest-circus\\build\\jestAdapterInit.js:1497:10)\n    at _callCircusTest (D:\\projects\\ka_photographer_deploy\\node_modules\\jest-circus\\build\\jestAdapterInit.js:1007:40)\n    at _runTest (D:\\projects\\ka_photographer_deploy\\node_modules\\jest-circus\\build\\jestAdapterInit.js:947:3)\n    at D:\\projects\\ka_photographer_deploy\\node_modules\\jest-circus\\build\\jestAdapterInit.js:849:7\n    at _runTestsForDescribeBlock (D:\\projects\\ka_photographer_deploy\\node_modules\\jest-circus\\build\\jestAdapterInit.js:862:11)\n    at _runTestsForDescribeBlock (D:\\projects\\ka_photographer_deploy\\node_modules\\jest-circus\\build\\jestAdapterInit.js:857:11)\n    at run (D:\\projects\\ka_photographer_deploy\\node_modules\\jest-circus\\build\\jestAdapterInit.js:761:3)\n    at runAndTransformResultsToJestFormat (D:\\projects\\ka_photographer_deploy\\node_modules\\jest-circus\\build\\jestAdapterInit.js:1918:21)\n    at jestAdapter (D:\\projects\\ka_photographer_deploy\\node_modules\\jest-circus\\build\\runner.js:101:19)\n    at runTestInternal (D:\\projects\\ka_photographer_deploy\\node_modules\\jest-runner\\build\\index.js:275:16)\n    at runTest (D:\\projects\\ka_photographer_deploy\\node_modules\\jest-runner\\build\\index.js:343:7)"],"fullName":"GoBackButton calls navigate(-1) when clicked","invocations":1,"location":null,"numPassingAsserts":0,"retryReasons":[],"startAt":1789474321383,"status":"failed","title":"calls navigate(-1) when clicked"}],"endTime":1789474321399,"message":"\u001b[1m\u001b[31m  \u001b[1m● \u001b[22m\u001b[1mGoBackButton › renders a button with correct props\u001b[39m\u001b[22m\n\n    TestingLibraryElementError: Unable to find an element by: [data-testid=\"button\"]\n\n    Ignored nodes: comments, script, style\n    \u001b[36m<body>\u001b[39m\n      \u001b[36m<div>\u001b[39m\n        \u001b[36m<button\u001b[39m\n          \u001b[33maria-label\u001b[39m=\u001b[32m\"Повернутися назад\"\u001b[39m\n          \u001b[33mdata-intent\u001b[39m=\u001b[32m\"primary\"\u001b[39m\n          \u001b[33mdata-size\u001b[39m=\u001b[32m\"iconLg\"\u001b[39m\n          \u001b[33mdata-testid\u001b[39m=\u001b[32m\"go-back-button\"\u001b[39m\n        \u001b[36m>\u001b[39m\n          \u001b[36m<div\u001b[39m\n            \u001b[33mdata-size\u001b[39m=\u001b[32m\"h-8 w-8\"\u001b[39m\n            \u001b[33mdata-testid\u001b[39m=\u001b[32m\"icon-arrow-left\"\u001b[39m\n            \u001b[33micon\u001b[39m=\u001b[32m\"test-file-stub\"\u001b[39m\n          \u001b[36m>\u001b[39m\n            \u001b[0marrow-left\u001b[0m\n          \u001b[36m</div>\u001b[39m\n        \u001b[36m</button>\u001b[39m\n      \u001b[36m</div>\u001b[39m\n    \u001b[36m</body>\u001b[39m\n\u001b[2m\u001b[22m\n\u001b[2m    \u001b[0m \u001b[90m 34 |\u001b[39m     render(\u001b[33m<\u001b[39m\u001b[33mGoBackButton\u001b[39m \u001b[33m/\u001b[39m\u001b[33m>\u001b[39m)\u001b[33m;\u001b[39m\u001b[22m\n\u001b[2m     \u001b[90m 35 |\u001b[39m\u001b[22m\n\u001b[2m    \u001b[31m\u001b[1m>\u001b[22m\u001b[2m\u001b[39m\u001b[90m 36 |\u001b[39m     \u001b[36mconst\u001b[39m button \u001b[33m=\u001b[39m screen\u001b[33m.\u001b[39mgetByTestId(\u001b[32m'button'\u001b[39m)\u001b[33m;\u001b[39m\u001b[22m\n\u001b[2m     \u001b[90m    |\u001b[39m                           \u001b[31m\u001b[1m^\u001b[22m\u001b[2m\u001b[39m\u001b[22m\n\u001b[2m     \u001b[90m 37 |\u001b[39m     expect(button)\u001b[33m.\u001b[39mtoBeInTheDocument()\u001b[33m;\u001b[39m\u001b[22m\n\u001b[2m     \u001b[90m 38 |\u001b[39m     expect(button)\u001b[33m.\u001b[39mtoHaveAttribute(\u001b[32m'data-size'\u001b[39m\u001b[33m,\u001b[39m \u001b[32m'iconLg'\u001b[39m)\u001b[33m;\u001b[39m\u001b[22m\n\u001b[2m     \u001b[90m 39 |\u001b[39m\u001b[0m\u001b[22m\n\u001b[2m\u001b[22m\n\u001b[2m      \u001b[2mat Object.getElementError (\u001b[22m\u001b[2mnode_modules/@testing-library/dom/dist/config.js\u001b[2m:37:19)\u001b[22m\u001b[2m\u001b[22m\n\u001b[2m      \u001b[2mat \u001b[22m\u001b[2mnode_modules/@testing-library/dom/dist/query-helpers.js\u001b[2m:76:38\u001b[22m\u001b[2m\u001b[22m\n\u001b[2m      \u001b[2mat \u001b[22m\u001b[2mnode_modules/@testing-library/dom/dist/query-helpers.js\u001b[2m:52:17\u001b[22m\u001b[2m\u001b[22m\n\u001b[2m      \u001b[2mat \u001b[22m\u001b[2mnode_modules/@testing-library/dom/dist/query-helpers.js\u001b[2m:95:19\u001b[22m\u001b[2m\u001b[22m\n\u001b[2m      \u001b[2mat Object.<anonymous> (\u001b[22m\u001b[2m\u001b[0m\u001b[36msrc/components/ui/GoBackButton/GoBackButton.test.tsx\u001b[39m\u001b[0m\u001b[2m:36:27)\u001b[22m\u001b[2m\u001b[22m\n\n\u001b[1m\u001b[31m  \u001b[1m● \u001b[22m\u001b[1mGoBackButton › calls navigate(-1) when clicked\u001b[39m\u001b[22m\n\n    TestingLibraryElementError: Unable to find an element by: [data-testid=\"button\"]\n\n    Ignored nodes: comments, script, style\n    \u001b[36m<body>\u001b[39m\n      \u001b[36m<div>\u001b[39m\n        \u001b[36m<button\u001b[39m\n          \u001b[33maria-label\u001b[39m=\u001b[32m\"Повернутися назад\"\u001b[39m\n          \u001b[33mdata-intent\u001b[39m=\u001b[32m\"primary\"\u001b[39m\n          \u001b[33mdata-size\u001b[39m=\u001b[32m\"iconLg\"\u001b[39m\n          \u001b[33mdata-testid\u001b[39m=\u001b[32m\"go-back-button\"\u001b[39m\n        \u001b[36m>\u001b[39m\n          \u001b[36m<div\u001b[39m\n            \u001b[33mdata-size\u001b[39m=\u001b[32m\"h-8 w-8\"\u001b[39m\n            \u001b[33mdata-testid\u001b[39m=\u001b[32m\"icon-arrow-left\"\u001b[39m\n            \u001b[33micon\u001b[39m=\u001b[32m\"test-file-stub\"\u001b[39m\n          \u001b[36m>\u001b[39m\n            \u001b[0marrow-left\u001b[0m\n          \u001b[36m</div>\u001b[39m\n        \u001b[36m</button>\u001b[39m\n      \u001b[36m</div>\u001b[39m\n    \u001b[36m</body>\u001b[39m\n\u001b[2m\u001b[22m\n\u001b[2m    \u001b[0m \u001b[90m 57 |\u001b[39m     render(\u001b[33m<\u001b[39m\u001b[33mGoBackButton\u001b[39m \u001b[33m/\u001b[39m\u001b[33m>\u001b[39m)\u001b[33m;\u001b[39m\u001b[22m\n\u001b[2m     \u001b[90m 58 |\u001b[39m\u001b[22m\n\u001b[2m    \u001b[31m\u001b[1m>\u001b[22m\u001b[2m\u001b[39m\u001b[90m 59 |\u001b[39m     \u001b[36mconst\u001b[39m button \u001b[33m=\u001b[39m screen\u001b[33m.\u001b[39mgetByTestId(\u001b[32m'button'\u001b[39m)\u001b[33m;\u001b[39m\u001b[22m\n\u001b[2m     \u001b[90m    |\u001b[39m                           \u001b[31m\u001b[1m^\u001b[22m\u001b[2m\u001b[39m\u001b[22m\n\u001b[2m     \u001b[90m 60 |\u001b[39m     \u001b[36mawait\u001b[39m user\u001b[33m.\u001b[39mclick(button)\u001b[33m;\u001b[39m\u001b[22m\n\u001b[2m     \u001b[90m 61 |\u001b[39m\u001b[22m\n\u001b[2m     \u001b[90m 62 |\u001b[39m     expect(mockNavigate)\u001b[33m.\u001b[39mtoHaveBeenCalledWith(\u001b[33m-\u001b[39m\u001b[35m1\u001b[39m)\u001b[33m;\u001b[39m\u001b[0m\u001b[22m\n\u001b[2m\u001b[22m\n\u001b[2m      \u001b[2mat Object.getElementError (\u001b[22m\u001b[2mnode_modules/@testing-library/dom/dist/config.js\u001b[2m:37:19)\u001b[22m\u001b[2m\u001b[22m\n\u001b[2m      \u001b[2mat \u001b[22m\u001b[2mnode_modules/@testing-library/dom/dist/query-helpers.js\u001b[2m:76:38\u001b[22m\u001b[2m\u001b[22m\n\u001b[2m      \u001b[2mat \u001b[22m\u001b[2mnode_modules/@testing-library/dom/dist/query-helpers.js\u001b[2m:52:17\u001b[22m\u001b[2m\u001b[22m\n\u001b[2m      \u001b[2mat \u001b[22m\u001b[2mnode_modules/@testing-library/dom/dist/query-helpers.js\u001b[2m:95:19\u001b[22m\u001b[2m\u001b[22m\n\u001b[2m      \u001b[2mat Object.<anonymous> (\u001b[22m\u001b[2m\u001b[0m\u001b[36msrc/components/ui/GoBackButton/GoBackButton.test.tsx\u001b[39m\u001b[0m\u001b[2m:59:27)\u001b[22m\u001b[2m\u001b[22m\n","name":"D:\\projects\\ka_photographer_deploy\\src\\components\\ui\\GoBackButton\\GoBackButton.test.tsx","startTime":1789474320894,"status":"failed","summary":""},{"assertionResults":[{"ancestorTitles":["DesktopNav"],"duration":13,"failing":false,"failureDetails":[],"failureMessages":[],"fullName":"DesktopNav renders DesktopNavItem for each main link (excluding gallery)","invocations":1,"location":null,"numPassingAsserts":4,"retryReasons":[],"startAt":1789474321666,"status":"passed","title":"renders DesktopNavItem for each main link (excluding gallery)"},{"ancestorTitles":["DesktopNav"],"duration":5,"failing":false,"failureDetails":[],"failureMessages":[],"fullName":"DesktopNav does not render logout button when isAdmin is false","invocations":1,"location":null,"numPassingAsserts":1,"retryReasons":[],"startAt":1789474321680,"status":"passed","title":"does not render logout button when isAdmin is false"},{"ancestorTitles":["DesktopNav"],"duration":7,"failing":false,"failureDetails":[{"name":"TestingLibraryElementError"}],"failureMessages":["TestingLibraryElementError: Unable to find an element by: [data-testid=\"button\"]\n\nIgnored nodes: comments, script, style\n\u001b[36m<body>\u001b[39m\n  \u001b[36m<div>\u001b[39m\n    \u001b[36m<nav\u001b[39m\n      \u001b[33mclass\u001b[39m=\u001b[32m\"hidden h-full justify-between lg:flex\"\u001b[39m\n      \u001b[33mdata-testid\u001b[39m=\u001b[32m\"desktop-nav\"\u001b[39m\n    \u001b[36m>\u001b[39m\n      \u001b[36m<a\u001b[39m\n        \u001b[33mdata-testid\u001b[39m=\u001b[32m\"nav-link\"\u001b[39m\n        \u001b[33mdata-to\u001b[39m=\u001b[32m\"/\"\u001b[39m\n        \u001b[33mhref\u001b[39m=\u001b[32m\"/\"\u001b[39m\n      \u001b[36m>\u001b[39m\n        \u001b[0mГоловна\u001b[0m\n      \u001b[36m</a>\u001b[39m\n      \u001b[36m<a\u001b[39m\n        \u001b[33mdata-testid\u001b[39m=\u001b[32m\"nav-link\"\u001b[39m\n        \u001b[33mdata-to\u001b[39m=\u001b[32m\"/services\"\u001b[39m\n        \u001b[33mhref\u001b[39m=\u001b[32m\"/services\"\u001b[39m\n      \u001b[36m>\u001b[39m\n        \u001b[0mПослуги\u001b[0m\n      \u001b[36m</a>\u001b[39m\n      \u001b[36m<a\u001b[39m\n        \u001b[33mdata-testid\u001b[39m=\u001b[32m\"nav-link\"\u001b[39m\n        \u001b[33mdata-to\u001b[39m=\u001b[32m\"/contacts\"\u001b[39m\n        \u001b[33mhref\u001b[39m=\u001b[32m\"/contacts\"\u001b[39m\n      \u001b[36m>\u001b[39m\n        \u001b[0mКонтакти\u001b[0m\n      \u001b[36m</a>\u001b[39m\n      \u001b[36m<a\u001b[39m\n        \u001b[33mclass\u001b[39m=\u001b[32m\"group ml-[66px] flex items-center gap-3 px-3 py-3 transition-colors duration-300 hover:bg-accent/40\"\u001b[39m\n        \u001b[33mdata-testid\u001b[39m=\u001b[32m\"link\"\u001b[39m\n        \u001b[33mhref\u001b[39m=\u001b[32m\"/gallery\"\u001b[39m\n      \u001b[36m>\u001b[39m\n        \u001b[36m<span\u001b[39m\n          \u001b[33mclass\u001b[39m=\u001b[32m\"relative\"\u001b[39m\n        \u001b[36m>\u001b[39m\n          \u001b[36m<span\u001b[39m\n            \u001b[33mdata-align\u001b[39m=\u001b[32m\"\"\u001b[39m\n            \u001b[33mdata-animated\u001b[39m=\u001b[32m\"false\"\u001b[39m\n            \u001b[33mdata-font\u001b[39m=\u001b[32m\"secondary\"\u001b[39m\n            \u001b[33mdata-motionprops\u001b[39m=\u001b[32m\"\"\u001b[39m\n            \u001b[33mdata-parent\u001b[39m=\u001b[32m\"span\"\u001b[39m\n            \u001b[33mdata-size\u001b[39m=\u001b[32m\"lg\"\u001b[39m\n            \u001b[33mdata-testid\u001b[39m=\u001b[32m\"typography\"\u001b[39m\n            \u001b[33mdata-weight\u001b[39m=\u001b[32m\"normal\"\u001b[39m\n          \u001b[36m>\u001b[39m\n            \u001b[0mГалерея\u001b[0m\n          \u001b[36m</span>\u001b[39m\n          \u001b[36m<span\u001b[39m\n            \u001b[33mclass\u001b[39m=\u001b[32m\"absolute bottom-0 left-0 h-px w-0 bg-secondary transition-all duration-300 group-hover:w-full\"\u001b[39m\n          \u001b[36m/>\u001b[39m\n        \u001b[36m</span>\u001b[39m\n        \u001b[36m<img\u001b[39m\n          \u001b[33malt\u001b[39m=\u001b[32m\"\"\u001b[39m\n          \u001b[33maria-hidden\u001b[39m=\u001b[32m\"true\"\u001b[39m\n          \u001b[33mclass\u001b[39m=\u001b[32m\"h-[15px] w-[15px] text-secondary transition-all duration-300 group-hover:rotate-45\"\u001b[39m\n          \u001b[33mdata-testid\u001b[39m=\u001b[32m\"gallery-arrow\"\u001b[39m\n          \u001b[33msrc\u001b[39m=\u001b[32m\"arrow-top-left-mock\"\u001b[39m\n        \u001b[36m/>\u001b[39m\n      \u001b[36m</a>\u001b[39m\n    \u001b[36m</nav>\u001b[39m\n  \u001b[36m</div>\u001b[39m\n\u001b[36m</body>\u001b[39m\n    at Object.getElementError (D:\\projects\\ka_photographer_deploy\\node_modules\\@testing-library\\dom\\dist\\config.js:37:19)\n    at D:\\projects\\ka_photographer_deploy\\node_modules\\@testing-library\\dom\\dist\\query-helpers.js:76:38\n    at D:\\projects\\ka_photographer_deploy\\node_modules\\@testing-library\\dom\\dist\\query-helpers.js:52:17\n    at D:\\projects\\ka_photographer_deploy\\node_modules\\@testing-library\\dom\\dist\\query-helpers.js:95:19\n    at Object.<anonymous> (D:\\projects\\ka_photographer_deploy\\src\\components\\layout\\Header\\components\\DesktopNav\\DesktopNav.test.tsx:84:27)\n    at Promise.finally.completed (D:\\projects\\ka_photographer_deploy\\node_modules\\jest-circus\\build\\jestAdapterInit.js:1557:28)\n    at new Promise (<anonymous>)\n    at callAsyncCircusFn (D:\\projects\\ka_photographer_deploy\\node_modules\\jest-circus\\build\\jestAdapterInit.js:1497:10)\n    at _callCircusTest (D:\\projects\\ka_photographer_deploy\\node_modules\\jest-circus\\build\\jestAdapterInit.js:1007:40)\n    at _runTest (D:\\projects\\ka_photographer_deploy\\node_modules\\jest-circus\\build\\jestAdapterInit.js:947:3)\n    at D:\\projects\\ka_photographer_deploy\\node_modules\\jest-circus\\build\\jestAdapterInit.js:849:7\n    at _runTestsForDescribeBlock (D:\\projects\\ka_photographer_deploy\\node_modules\\jest-circus\\build\\jestAdapterInit.js:862:11)\n    at _runTestsForDescribeBlock (D:\\projects\\ka_photographer_deploy\\node_modules\\jest-circus\\build\\jestAdapterInit.js:857:11)\n    at run (D:\\projects\\ka_photographer_deploy\\node_modules\\jest-circus\\build\\jestAdapterInit.js:761:3)\n    at runAndTransformResultsToJestFormat (D:\\projects\\ka_photographer_deploy\\node_modules\\jest-circus\\build\\jestAdapterInit.js:1918:21)\n    at jestAdapter (D:\\projects\\ka_photographer_deploy\\node_modules\\jest-circus\\build\\runner.js:101:19)\n    at runTestInternal (D:\\projects\\ka_photographer_deploy\\node_modules\\jest-runner\\build\\index.js:275:16)\n    at runTest (D:\\projects\\ka_photographer_deploy\\node_modules\\jest-runner\\build\\index.js:343:7)"],"fullName":"DesktopNav renders logout button when isAdmin is true","invocations":1,"location":null,"numPassingAsserts":0,"retryReasons":[],"startAt":1789474321686,"status":"failed","title":"renders logout button when isAdmin is true"},{"ancestorTitles":["DesktopNav"],"duration":11,"failing":false,"failureDetails":[{"name":"TestingLibraryElementError"}],"failureMessages":["TestingLibraryElementError: Unable to find an element by: [data-testid=\"button\"]\n\nIgnored nodes: comments, script, style\n\u001b[36m<body>\u001b[39m\n  \u001b[36m<div>\u001b[39m\n    \u001b[36m<nav\u001b[39m\n      \u001b[33mclass\u001b[39m=\u001b[32m\"hidden h-full justify-between lg:flex\"\u001b[39m\n      \u001b[33mdata-testid\u001b[39m=\u001b[32m\"desktop-nav\"\u001b[39m\n    \u001b[36m>\u001b[39m\n      \u001b[36m<a\u001b[39m\n        \u001b[33mdata-testid\u001b[39m=\u001b[32m\"nav-link\"\u001b[39m\n        \u001b[33mdata-to\u001b[39m=\u001b[32m\"/\"\u001b[39m\n        \u001b[33mhref\u001b[39m=\u001b[32m\"/\"\u001b[39m\n      \u001b[36m>\u001b[39m\n        \u001b[0mГоловна\u001b[0m\n      \u001b[36m</a>\u001b[39m\n      \u001b[36m<a\u001b[39m\n        \u001b[33mdata-testid\u001b[39m=\u001b[32m\"nav-link\"\u001b[39m\n        \u001b[33mdata-to\u001b[39m=\u001b[32m\"/services\"\u001b[39m\n        \u001b[33mhref\u001b[39m=\u001b[32m\"/services\"\u001b[39m\n      \u001b[36m>\u001b[39m\n        \u001b[0mПослуги\u001b[0m\n      \u001b[36m</a>\u001b[39m\n      \u001b[36m<a\u001b[39m\n        \u001b[33mdata-testid\u001b[39m=\u001b[32m\"nav-link\"\u001b[39m\n        \u001b[33mdata-to\u001b[39m=\u001b[32m\"/contacts\"\u001b[39m\n        \u001b[33mhref\u001b[39m=\u001b[32m\"/contacts\"\u001b[39m\n      \u001b[36m>\u001b[39m\n        \u001b[0mКонтакти\u001b[0m\n      \u001b[36m</a>\u001b[39m\n      \u001b[36m<a\u001b[39m\n        \u001b[33mclass\u001b[39m=\u001b[32m\"group ml-[66px] flex items-center gap-3 px-3 py-3 transition-colors duration-300 hover:bg-accent/40\"\u001b[39m\n        \u001b[33mdata-testid\u001b[39m=\u001b[32m\"link\"\u001b[39m\n        \u001b[33mhref\u001b[39m=\u001b[32m\"/gallery\"\u001b[39m\n      \u001b[36m>\u001b[39m\n        \u001b[36m<span\u001b[39m\n          \u001b[33mclass\u001b[39m=\u001b[32m\"relative\"\u001b[39m\n        \u001b[36m>\u001b[39m\n          \u001b[36m<span\u001b[39m\n            \u001b[33mdata-align\u001b[39m=\u001b[32m\"\"\u001b[39m\n            \u001b[33mdata-animated\u001b[39m=\u001b[32m\"false\"\u001b[39m\n            \u001b[33mdata-font\u001b[39m=\u001b[32m\"secondary\"\u001b[39m\n            \u001b[33mdata-motionprops\u001b[39m=\u001b[32m\"\"\u001b[39m\n            \u001b[33mdata-parent\u001b[39m=\u001b[32m\"span\"\u001b[39m\n            \u001b[33mdata-size\u001b[39m=\u001b[32m\"lg\"\u001b[39m\n            \u001b[33mdata-testid\u001b[39m=\u001b[32m\"typography\"\u001b[39m\n            \u001b[33mdata-weight\u001b[39m=\u001b[32m\"normal\"\u001b[39m\n          \u001b[36m>\u001b[39m\n            \u001b[0mГалерея\u001b[0m\n          \u001b[36m</span>\u001b[39m\n          \u001b[36m<span\u001b[39m\n            \u001b[33mclass\u001b[39m=\u001b[32m\"absolute bottom-0 left-0 h-px w-0 bg-secondary transition-all duration-300 group-hover:w-full\"\u001b[39m\n          \u001b[36m/>\u001b[39m\n        \u001b[36m</span>\u001b[39m\n        \u001b[36m<img\u001b[39m\n          \u001b[33malt\u001b[39m=\u001b[32m\"\"\u001b[39m\n          \u001b[33maria-hidden\u001b[39m=\u001b[32m\"true\"\u001b[39m\n          \u001b[33mclass\u001b[39m=\u001b[32m\"h-[15px] w-[15px] text-secondary transition-all duration-300 group-hover:rotate-45\"\u001b[39m\n          \u001b[33mdata-testid\u001b[39m=\u001b[32m\"gallery-arrow\"\u001b[39m\n          \u001b[33msrc\u001b[39m=\u001b[32m\"arrow-top-left-mock\"\u001b[39m\n        \u001b[36m/>\u001b[39m\n      \u001b[36m</a>\u001b[39m\n    \u001b[36m</nav>\u001b[39m\n  \u001b[36m</div>\u001b[39m\n\u001b[36m</body>\u001b[39m\n    at Object.getElementError (D:\\projects\\ka_photographer_deploy\\node_modules\\@testing-library\\dom\\dist\\config.js:37:19)\n    at D:\\projects\\ka_photographer_deploy\\node_modules\\@testing-library\\dom\\dist\\query-helpers.js:76:38\n    at D:\\projects\\ka_photographer_deploy\\node_modules\\@testing-library\\dom\\dist\\query-helpers.js:52:17\n    at D:\\projects\\ka_photographer_deploy\\node_modules\\@testing-library\\dom\\dist\\query-helpers.js:95:19\n    at Object.<anonymous> (D:\\projects\\ka_photographer_deploy\\src\\components\\layout\\Header\\components\\DesktopNav\\DesktopNav.test.tsx:95:27)\n    at Promise.finally.completed (D:\\projects\\ka_photographer_deploy\\node_modules\\jest-circus\\build\\jestAdapterInit.js:1557:28)\n    at new Promise (<anonymous>)\n    at callAsyncCircusFn (D:\\projects\\ka_photographer_deploy\\node_modules\\jest-circus\\build\\jestAdapterInit.js:1497:10)\n    at _callCircusTest (D:\\projects\\ka_photographer_deploy\\node_modules\\jest-circus\\build\\jestAdapterInit.js:1007:40)\n    at _runTest (D:\\projects\\ka_photographer_deploy\\node_modules\\jest-circus\\build\\jestAdapterInit.js:947:3)\n    at D:\\projects\\ka_photographer_deploy\\node_modules\\jest-circus\\build\\jestAdapterInit.js:849:7\n    at _runTestsForDescribeBlock (D:\\projects\\ka_photographer_deploy\\node_modules\\jest-circus\\build\\jestAdapterInit.js:862:11)\n    at _runTestsForDescribeBlock (D:\\projects\\ka_photographer_deploy\\node_modules\\jest-circus\\build\\jestAdapterInit.js:857:11)\n    at run (D:\\projects\\ka_photographer_deploy\\node_modules\\jest-circus\\build\\jestAdapterInit.js:761:3)\n    at runAndTransformResultsToJestFormat (D:\\projects\\ka_photographer_deploy\\node_modules\\jest-circus\\build\\jestAdapterInit.js:1918:21)\n    at jestAdapter (D:\\projects\\ka_photographer_deploy\\node_modules\\jest-circus\\build\\runner.js:101:19)\n    at runTestInternal (D:\\projects\\ka_photographer_deploy\\node_modules\\jest-runner\\build\\index.js:275:16)\n    at runTest (D:\\projects\\ka_photographer_deploy\\node_modules\\jest-runner\\build\\index.js:343:7)"],"fullName":"DesktopNav calls onLogout when logout button is clicked","invocations":1,"location":null,"numPassingAsserts":0,"retryReasons":[],"startAt":1789474321709,"status":"failed","title":"calls onLogout when logout button is clicked"},{"ancestorTitles":["DesktopNav"],"duration":9,"failing":false,"failureDetails":[{"name":"TestingLibraryElementError"}],"failureMessages":["TestingLibraryElementError: Unable to find an element by: [data-testid=\"button\"]\n\nIgnored nodes: comments, script, style\n\u001b[36m<body>\u001b[39m\n  \u001b[36m<div>\u001b[39m\n    \u001b[36m<nav\u001b[39m\n      \u001b[33mclass\u001b[39m=\u001b[32m\"hidden h-full justify-between lg:flex\"\u001b[39m\n      \u001b[33mdata-testid\u001b[39m=\u001b[32m\"desktop-nav\"\u001b[39m\n    \u001b[36m>\u001b[39m\n      \u001b[36m<a\u001b[39m\n        \u001b[33mdata-testid\u001b[39m=\u001b[32m\"nav-link\"\u001b[39m\n        \u001b[33mdata-to\u001b[39m=\u001b[32m\"/\"\u001b[39m\n        \u001b[33mhref\u001b[39m=\u001b[32m\"/\"\u001b[39m\n      \u001b[36m>\u001b[39m\n        \u001b[0mГоловна\u001b[0m\n      \u001b[36m</a>\u001b[39m\n      \u001b[36m<a\u001b[39m\n        \u001b[33mdata-testid\u001b[39m=\u001b[32m\"nav-link\"\u001b[39m\n        \u001b[33mdata-to\u001b[39m=\u001b[32m\"/services\"\u001b[39m\n        \u001b[33mhref\u001b[39m=\u001b[32m\"/services\"\u001b[39m\n      \u001b[36m>\u001b[39m\n        \u001b[0mПослуги\u001b[0m\n      \u001b[36m</a>\u001b[39m\n      \u001b[36m<a\u001b[39m\n        \u001b[33mdata-testid\u001b[39m=\u001b[32m\"nav-link\"\u001b[39m\n        \u001b[33mdata-to\u001b[39m=\u001b[32m\"/contacts\"\u001b[39m\n        \u001b[33mhref\u001b[39m=\u001b[32m\"/contacts\"\u001b[39m\n      \u001b[36m>\u001b[39m\n        \u001b[0mКонтакти\u001b[0m\n      \u001b[36m</a>\u001b[39m\n      \u001b[36m<a\u001b[39m\n        \u001b[33mclass\u001b[39m=\u001b[32m\"group ml-[66px] flex items-center gap-3 px-3 py-3 transition-colors duration-300 hover:bg-accent/40\"\u001b[39m\n        \u001b[33mdata-testid\u001b[39m=\u001b[32m\"link\"\u001b[39m\n        \u001b[33mhref\u001b[39m=\u001b[32m\"/gallery\"\u001b[39m\n      \u001b[36m>\u001b[39m\n        \u001b[36m<span\u001b[39m\n          \u001b[33mclass\u001b[39m=\u001b[32m\"relative\"\u001b[39m\n        \u001b[36m>\u001b[39m\n          \u001b[36m<span\u001b[39m\n            \u001b[33mdata-align\u001b[39m=\u001b[32m\"\"\u001b[39m\n            \u001b[33mdata-animated\u001b[39m=\u001b[32m\"false\"\u001b[39m\n            \u001b[33mdata-font\u001b[39m=\u001b[32m\"secondary\"\u001b[39m\n            \u001b[33mdata-motionprops\u001b[39m=\u001b[32m\"\"\u001b[39m\n            \u001b[33mdata-parent\u001b[39m=\u001b[32m\"span\"\u001b[39m\n            \u001b[33mdata-size\u001b[39m=\u001b[32m\"lg\"\u001b[39m\n            \u001b[33mdata-testid\u001b[39m=\u001b[32m\"typography\"\u001b[39m\n            \u001b[33mdata-weight\u001b[39m=\u001b[32m\"normal\"\u001b[39m\n          \u001b[36m>\u001b[39m\n            \u001b[0mГалерея\u001b[0m\n          \u001b[36m</span>\u001b[39m\n          \u001b[36m<span\u001b[39m\n            \u001b[33mclass\u001b[39m=\u001b[32m\"absolute bottom-0 left-0 h-px w-0 bg-secondary transition-all duration-300 group-hover:w-full\"\u001b[39m\n          \u001b[36m/>\u001b[39m\n        \u001b[36m</span>\u001b[39m\n        \u001b[36m<img\u001b[39m\n          \u001b[33malt\u001b[39m=\u001b[32m\"\"\u001b[39m\n          \u001b[33maria-hidden\u001b[39m=\u001b[32m\"true\"\u001b[39m\n          \u001b[33mclass\u001b[39m=\u001b[32m\"h-[15px] w-[15px] text-secondary transition-all duration-300 group-hover:rotate-45\"\u001b[39m\n          \u001b[33mdata-testid\u001b[39m=\u001b[32m\"gallery-arrow\"\u001b[39m\n          \u001b[33msrc\u001b[39m=\u001b[32m\"arrow-top-left-mock\"\u001b[39m\n        \u001b[36m/>\u001b[39m\n      \u001b[36m</a>\u001b[39m\n    \u001b[36m</nav>\u001b[39m\n  \u001b[36m</div>\u001b[39m\n\u001b[36m</body>\u001b[39m\n    at Object.getElementError (D:\\projects\\ka_photographer_deploy\\node_modules\\@testing-library\\dom\\dist\\config.js:37:19)\n    at D:\\projects\\ka_photographer_deploy\\node_modules\\@testing-library\\dom\\dist\\query-helpers.js:76:38\n    at D:\\projects\\ka_photographer_deploy\\node_modules\\@testing-library\\dom\\dist\\query-helpers.js:52:17\n    at D:\\projects\\ka_photographer_deploy\\node_modules\\@testing-library\\dom\\dist\\query-helpers.js:95:19\n    at Object.<anonymous> (D:\\projects\\ka_photographer_deploy\\src\\components\\layout\\Header\\components\\DesktopNav\\DesktopNav.test.tsx:104:27)\n    at Promise.finally.completed (D:\\projects\\ka_photographer_deploy\\node_modules\\jest-circus\\build\\jestAdapterInit.js:1557:28)\n    at new Promise (<anonymous>)\n    at callAsyncCircusFn (D:\\projects\\ka_photographer_deploy\\node_modules\\jest-circus\\build\\jestAdapterInit.js:1497:10)\n    at _callCircusTest (D:\\projects\\ka_photographer_deploy\\node_modules\\jest-circus\\build\\jestAdapterInit.js:1007:40)\n    at _runTest (D:\\projects\\ka_photographer_deploy\\node_modules\\jest-circus\\build\\jestAdapterInit.js:947:3)\n    at D:\\projects\\ka_photographer_deploy\\node_modules\\jest-circus\\build\\jestAdapterInit.js:849:7\n    at _runTestsForDescribeBlock (D:\\projects\\ka_photographer_deploy\\node_modules\\jest-circus\\build\\jestAdapterInit.js:862:11)\n    at _runTestsForDescribeBlock (D:\\projects\\ka_photographer_deploy\\node_modules\\jest-circus\\build\\jestAdapterInit.js:857:11)\n    at run (D:\\projects\\ka_photographer_deploy\\node_modules\\jest-circus\\build\\jestAdapterInit.js:761:3)\n    at runAndTransformResultsToJestFormat (D:\\projects\\ka_photographer_deploy\\node_modules\\jest-circus\\build\\jestAdapterInit.js:1918:21)\n    at jestAdapter (D:\\projects\\ka_photographer_deploy\\node_modules\\jest-circus\\build\\runner.js:101:19)\n    at runTestInternal (D:\\projects\\ka_photographer_deploy\\node_modules\\jest-runner\\build\\index.js:275:16)\n    at runTest (D:\\projects\\ka_photographer_deploy\\node_modules\\jest-runner\\build\\index.js:343:7)"],"fullName":"DesktopNav disables logout button when isLoggingOut is true","invocations":1,"location":null,"numPassingAsserts":0,"retryReasons":[],"startAt":1789474321721,"status":"failed","title":"disables logout button when isLoggingOut is true"},{"ancestorTitles":["DesktopNav"],"duration":13,"failing":false,"failureDetails":[],"failureMessages":[],"fullName":"DesktopNav renders the gallery link with correct props","invocations":1,"location":null,"numPassingAsserts":9,"retryReasons":[],"startAt":1789474321734,"status":"passed","title":"renders the gallery link with correct props"},{"ancestorTitles":["DesktopNav"],"duration":6,"failing":false,"failureDetails":[],"failureMessages":[],"fullName":"DesktopNav applies correct classes to the nav element","invocations":1,"location":null,"numPassingAsserts":1,"retryReasons":[],"startAt":1789474321748,"status":"passed","title":"applies correct classes to the nav element"}],"endTime":1789474321771,"message":"\u001b[1m\u001b[31m  \u001b[1m● \u001b[22m\u001b[1mDesktopNav › renders logout button when isAdmin is true\u001b[39m\u001b[22m\n\n    TestingLibraryElementError: Unable to find an element by: [data-testid=\"button\"]\n\n    Ignored nodes: comments, script, style\n    \u001b[36m<body>\u001b[39m\n      \u001b[36m<div>\u001b[39m\n        \u001b[36m<nav\u001b[39m\n          \u001b[33mclass\u001b[39m=\u001b[32m\"hidden h-full justify-between lg:flex\"\u001b[39m\n          \u001b[33mdata-testid\u001b[39m=\u001b[32m\"desktop-nav\"\u001b[39m\n        \u001b[36m>\u001b[39m\n          \u001b[36m<a\u001b[39m\n            \u001b[33mdata-testid\u001b[39m=\u001b[32m\"nav-link\"\u001b[39m\n            \u001b[33mdata-to\u001b[39m=\u001b[32m\"/\"\u001b[39m\n            \u001b[33mhref\u001b[39m=\u001b[32m\"/\"\u001b[39m\n          \u001b[36m>\u001b[39m\n            \u001b[0mГоловна\u001b[0m\n          \u001b[36m</a>\u001b[39m\n          \u001b[36m<a\u001b[39m\n            \u001b[33mdata-testid\u001b[39m=\u001b[32m\"nav-link\"\u001b[39m\n            \u001b[33mdata-to\u001b[39m=\u001b[32m\"/services\"\u001b[39m\n            \u001b[33mhref\u001b[39m=\u001b[32m\"/services\"\u001b[39m\n          \u001b[36m>\u001b[39m\n            \u001b[0mПослуги\u001b[0m\n          \u001b[36m</a>\u001b[39m\n          \u001b[36m<a\u001b[39m\n            \u001b[33mdata-testid\u001b[39m=\u001b[32m\"nav-link\"\u001b[39m\n            \u001b[33mdata-to\u001b[39m=\u001b[32m\"/contacts\"\u001b[39m\n            \u001b[33mhref\u001b[39m=\u001b[32m\"/contacts\"\u001b[39m\n          \u001b[36m>\u001b[39m\n            \u001b[0mКонтакти\u001b[0m\n          \u001b[36m</a>\u001b[39m\n          \u001b[36m<a\u001b[39m\n            \u001b[33mclass\u001b[39m=\u001b[32m\"group ml-[66px] flex items-center gap-3 px-3 py-3 transition-colors duration-300 hover:bg-accent/40\"\u001b[39m\n            \u001b[33mdata-testid\u001b[39m=\u001b[32m\"link\"\u001b[39m\n            \u001b[33mhref\u001b[39m=\u001b[32m\"/gallery\"\u001b[39m\n          \u001b[36m>\u001b[39m\n            \u001b[36m<span\u001b[39m\n              \u001b[33mclass\u001b[39m=\u001b[32m\"relative\"\u001b[39m\n            \u001b[36m>\u001b[39m\n              \u001b[36m<span\u001b[39m\n                \u001b[33mdata-align\u001b[39m=\u001b[32m\"\"\u001b[39m\n                \u001b[33mdata-animated\u001b[39m=\u001b[32m\"false\"\u001b[39m\n                \u001b[33mdata-font\u001b[39m=\u001b[32m\"secondary\"\u001b[39m\n                \u001b[33mdata-motionprops\u001b[39m=\u001b[32m\"\"\u001b[39m\n                \u001b[33mdata-parent\u001b[39m=\u001b[32m\"span\"\u001b[39m\n                \u001b[33mdata-size\u001b[39m=\u001b[32m\"lg\"\u001b[39m\n                \u001b[33mdata-testid\u001b[39m=\u001b[32m\"typography\"\u001b[39m\n                \u001b[33mdata-weight\u001b[39m=\u001b[32m\"normal\"\u001b[39m\n              \u001b[36m>\u001b[39m\n                \u001b[0mГалерея\u001b[0m\n              \u001b[36m</span>\u001b[39m\n              \u001b[36m<span\u001b[39m\n                \u001b[33mclass\u001b[39m=\u001b[32m\"absolute bottom-0 left-0 h-px w-0 bg-secondary transition-all duration-300 group-hover:w-full\"\u001b[39m\n              \u001b[36m/>\u001b[39m\n            \u001b[36m</span>\u001b[39m\n            \u001b[36m<img\u001b[39m\n              \u001b[33malt\u001b[39m=\u001b[32m\"\"\u001b[39m\n              \u001b[33maria-hidden\u001b[39m=\u001b[32m\"true\"\u001b[39m\n              \u001b[33mclass\u001b[39m=\u001b[32m\"h-[15px] w-[15px] text-secondary transition-all duration-300 group-hover:rotate-45\"\u001b[39m\n              \u001b[33mdata-testid\u001b[39m=\u001b[32m\"gallery-arrow\"\u001b[39m\n              \u001b[33msrc\u001b[39m=\u001b[32m\"arrow-top-left-mock\"\u001b[39m\n            \u001b[36m/>\u001b[39m\n          \u001b[36m</a>\u001b[39m\n        \u001b[36m</nav>\u001b[39m\n      \u001b[36m</div>\u001b[39m\n    \u001b[36m</body>\u001b[39m\n\u001b[2m\u001b[22m\n\u001b[2m    \u001b[0m \u001b[90m 82 |\u001b[39m     renderComponent({ isAdmin\u001b[33m:\u001b[39m \u001b[36mtrue\u001b[39m })\u001b[33m;\u001b[39m\u001b[22m\n\u001b[2m     \u001b[90m 83 |\u001b[39m\u001b[22m\n\u001b[2m    \u001b[31m\u001b[1m>\u001b[22m\u001b[2m\u001b[39m\u001b[90m 84 |\u001b[39m     \u001b[36mconst\u001b[39m button \u001b[33m=\u001b[39m screen\u001b[33m.\u001b[39mgetByTestId(\u001b[32m'button'\u001b[39m)\u001b[33m;\u001b[39m\u001b[22m\n\u001b[2m     \u001b[90m    |\u001b[39m                           \u001b[31m\u001b[1m^\u001b[22m\u001b[2m\u001b[39m\u001b[22m\n\u001b[2m     \u001b[90m 85 |\u001b[39m     expect(button)\u001b[33m.\u001b[39mtoBeInTheDocument()\u001b[33m;\u001b[39m\u001b[22m\n\u001b[2m     \u001b[90m 86 |\u001b[39m     expect(button)\u001b[33m.\u001b[39mtoHaveAttribute(\u001b[32m'data-intent
[...]
s":["useScrollToTopVisibility"],"duration":4,"failing":false,"failureDetails":[],"failureMessages":[],"fullName":"useScrollToTopVisibility handles threshold changes","invocations":1,"location":null,"numPassingAsserts":3,"retryReasons":[],"startAt":1789474337359,"status":"passed","title":"handles threshold changes"},{"ancestorTitles":["useScrollToTopVisibility"],"duration":4,"failing":false,"failureDetails":[],"failureMessages":[],"fullName":"useScrollToTopVisibility cleans up event listener on unmount","invocations":1,"location":null,"numPassingAsserts":2,"retryReasons":[],"startAt":1789474337364,"status":"passed","title":"cleans up event listener on unmount"}],"endTime":1789474337370,"message":"","name":"D:\\projects\\ka_photographer_deploy\\src\\hooks\\useScrollToTopVisibility\\useScrollToTopVisibility.test.ts","startTime":1789474337162,"status":"passed","summary":""},{"assertionResults":[{"ancestorTitles":["useEventListener"],"duration":6,"failing":false,"failureDetails":[],"failureMessages":[],"fullName":"useEventListener adds event listener on mount when active","invocations":1,"location":null,"numPassingAsserts":3,"retryReasons":[],"startAt":1789474337560,"status":"passed","title":"adds event listener on mount when active"},{"ancestorTitles":["useEventListener"],"duration":3,"failing":false,"failureDetails":[],"failureMessages":[],"fullName":"useEventListener does not add event listener when inactive","invocations":1,"location":null,"numPassingAsserts":1,"retryReasons":[],"startAt":1789474337567,"status":"passed","title":"does not add event listener when inactive"},{"ancestorTitles":["useEventListener"],"duration":3,"failing":false,"failureDetails":[],"failureMessages":[],"fullName":"useEventListener removes event listener on unmount","invocations":1,"location":null,"numPassingAsserts":4,"retryReasons":[],"startAt":1789474337571,"status":"passed","title":"removes event listener on unmount"},{"ancestorTitles":["useEventListener"],"duration":4,"failing":false,"failureDetails":[],"failureMessages":[],"fullName":"useEventListener removes and re-adds listener when handler changes","invocations":1,"location":null,"numPassingAsserts":6,"retryReasons":[],"startAt":1789474337580,"status":"passed","title":"removes and re-adds listener when handler changes"},{"ancestorTitles":["useEventListener"],"duration":4,"failing":false,"failureDetails":[],"failureMessages":[],"fullName":"useEventListener removes and re-adds listener when options change","invocations":1,"location":null,"numPassingAsserts":3,"retryReasons":[],"startAt":1789474337585,"status":"passed","title":"removes and re-adds listener when options change"},{"ancestorTitles":["useEventListener"],"duration":3,"failing":false,"failureDetails":[],"failureMessages":[],"fullName":"useEventListener removes and re-adds listener when eventName changes","invocations":1,"location":null,"numPassingAsserts":3,"retryReasons":[],"startAt":1789474337590,"status":"passed","title":"removes and re-adds listener when eventName changes"},{"ancestorTitles":["useEventListener"],"duration":5,"failing":false,"failureDetails":[],"failureMessages":[],"fullName":"useEventListener removes listener when becomes inactive, and re-adds when becomes active","invocations":1,"location":null,"numPassingAsserts":5,"retryReasons":[],"startAt":1789474337594,"status":"passed","title":"removes listener when becomes inactive, and re-adds when becomes active"},{"ancestorTitles":["useEventListener"],"duration":5,"failing":false,"failureDetails":[],"failureMessages":[],"fullName":"useEventListener calls handler when event is dispatched","invocations":1,"location":null,"numPassingAsserts":2,"retryReasons":[],"startAt":1789474337599,"status":"passed","title":"calls handler when event is dispatched"}],"endTime":1789474337607,"message":"","name":"D:\\projects\\ka_photographer_deploy\\src\\hooks\\useEventListener\\useEventListener.test.ts","startTime":1789474337383,"status":"passed","summary":""},{"assertionResults":[{"ancestorTitles":["ScrollToTopButton"],"duration":8,"failing":false,"failureDetails":[],"failureMessages":[],"fullName":"ScrollToTopButton renders with visible classes when showScrollTop is true","invocations":1,"location":null,"numPassingAsserts":8,"retryReasons":[],"startAt":1789474337842,"status":"passed","title":"renders with visible classes when showScrollTop is true"},{"ancestorTitles":["ScrollToTopButton"],"duration":4,"failing":false,"failureDetails":[],"failureMessages":[],"fullName":"ScrollToTopButton applies hidden classes when showScrollTop is false","invocations":1,"location":null,"numPassingAsserts":1,"retryReasons":[],"startAt":1789474337851,"status":"passed","title":"applies hidden classes when showScrollTop is false"},{"ancestorTitles":["ScrollToTopButton"],"duration":7,"failing":false,"failureDetails":[],"failureMessages":[],"fullName":"ScrollToTopButton calls window.scrollTo with correct arguments when button is clicked","invocations":1,"location":null,"numPassingAsserts":1,"retryReasons":[],"startAt":1789474337857,"status":"passed","title":"calls window.scrollTo with correct arguments when button is clicked"},{"ancestorTitles":["ScrollToTopButton"],"duration":5,"failing":false,"failureDetails":[],"failureMessages":[],"fullName":"ScrollToTopButton calls cn function when rendering","invocations":1,"location":null,"numPassingAsserts":1,"retryReasons":[],"startAt":1789474337865,"status":"passed","title":"calls cn function when rendering"}],"endTime":1789474337877,"message":"","name":"D:\\projects\\ka_photographer_deploy\\src\\components\\ui\\ScrollToTopButton\\ScrollToTopButton.test.tsx","startTime":1789474337622,"status":"passed","summary":""},{"assertionResults":[{"ancestorTitles":["useModal"],"duration":9,"failing":false,"failureDetails":[],"failureMessages":[],"fullName":"useModal initializes with isOpenModal = false","invocations":1,"location":null,"numPassingAsserts":1,"retryReasons":[],"startAt":1789474338067,"status":"passed","title":"initializes with isOpenModal = false"},{"ancestorTitles":["useModal"],"duration":3,"failing":false,"failureDetails":[],"failureMessages":[],"fullName":"useModal opens modal when openModal is called","invocations":1,"location":null,"numPassingAsserts":1,"retryReasons":[],"startAt":1789474338077,"status":"passed","title":"opens modal when openModal is called"},{"ancestorTitles":["useModal"],"duration":3,"failing":false,"failureDetails":[],"failureMessages":[],"fullName":"useModal closes modal when closeModal is called","invocations":1,"location":null,"numPassingAsserts":2,"retryReasons":[],"startAt":1789474338081,"status":"passed","title":"closes modal when closeModal is called"},{"ancestorTitles":["useModal"],"duration":2,"failing":false,"failureDetails":[],"failureMessages":[],"fullName":"useModal does nothing when openModal is called multiple times (already open)","invocations":1,"location":null,"numPassingAsserts":1,"retryReasons":[],"startAt":1789474338085,"status":"passed","title":"does nothing when openModal is called multiple times (already open)"},{"ancestorTitles":["useModal"],"duration":3,"failing":false,"failureDetails":[],"failureMessages":[],"fullName":"useModal does nothing when closeModal is called while already closed","invocations":1,"location":null,"numPassingAsserts":1,"retryReasons":[],"startAt":1789474338088,"status":"passed","title":"does nothing when closeModal is called while already closed"},{"ancestorTitles":["useModal"],"duration":3,"failing":false,"failureDetails":[],"failureMessages":[],"fullName":"useModal memoizes openModal and closeModal (stable references)","invocations":1,"location":null,"numPassingAsserts":2,"retryReasons":[],"startAt":1789474338092,"status":"passed","title":"memoizes openModal and closeModal (stable references)"}],"endTime":1789474338097,"message":"","name":"D:\\projects\\ka_photographer_deploy\\src\\hooks\\useModal\\useModal.test.ts","startTime":1789474337893,"status":"passed","summary":""},{"assertionResults":[{"ancestorTitles":["useMobileNav"],"duration":10,"failing":false,"failureDetails":[],"failureMessages":[],"fullName":"useMobileNav initial state","invocations":1,"location":null,"numPassingAsserts":2,"retryReasons":[],"startAt":1789474338282,"status":"passed","title":"initial state"},{"ancestorTitles":["useMobileNav"],"duration":3,"failing":false,"failureDetails":[],"failureMessages":[],"fullName":"useMobileNav openMenu sets isOpen to true","invocations":1,"location":null,"numPassingAsserts":2,"retryReasons":[],"startAt":1789474338293,"status":"passed","title":"openMenu sets isOpen to true"},{"ancestorTitles":["useMobileNav"],"duration":4,"failing":false,"failureDetails":[],"failureMessages":[],"fullName":"useMobileNav closeMenu sets isOpen to false and activeSubmenu to null","invocations":1,"location":null,"numPassingAsserts":4,"retryReasons":[],"startAt":1789474338297,"status":"passed","title":"closeMenu sets isOpen to false and activeSubmenu to null"},{"ancestorTitles":["useMobileNav"],"duration":2,"failing":false,"failureDetails":[],"failureMessages":[],"fullName":"useMobileNav toggleSubmenu toggles activeSubmenu","invocations":1,"location":null,"numPassingAsserts":3,"retryReasons":[],"startAt":1789474338302,"status":"passed","title":"toggleSubmenu toggles activeSubmenu"},{"ancestorTitles":["useMobileNav"],"duration":3,"failing":false,"failureDetails":[],"failureMessages":[],"fullName":"useMobileNav toggleSubmenu does not affect isOpen","invocations":1,"location":null,"numPassingAsserts":2,"retryReasons":[],"startAt":1789474338305,"status":"passed","title":"toggleSubmenu does not affect isOpen"}],"endTime":1789474338310,"message":"","name":"D:\\projects\\ka_photographer_deploy\\src\\hooks\\useMobileNav\\useMobileNav.test.ts","startTime":1789474338114,"status":"passed","summary":""},{"assertionResults":[{"ancestorTitles":["useInViewport"],"duration":10,"failing":false,"failureDetails":[],"failureMessages":[],"fullName":"useInViewport returns false initially","invocations":1,"location":null,"numPassingAsserts":1,"retryReasons":[],"startAt":1789474338501,"status":"passed","title":"returns false initially"},{"ancestorTitles":["useInViewport"],"duration":3,"failing":false,"failureDetails":[],"failureMessages":[],"fullName":"useInViewport does not create observer if ref is null","invocations":1,"location":null,"numPassingAsserts":2,"retryReasons":[],"startAt":1789474338512,"status":"passed","title":"does not create observer if ref is null"},{"ancestorTitles":["useInViewport"],"duration":4,"failing":false,"failureDetails":[],"failureMessages":[],"fullName":"useInViewport creates observer and observes element on mount","invocations":1,"location":null,"numPassingAsserts":2,"retryReasons":[],"startAt":1789474338516,"status":"passed","title":"creates observer and observes element on mount"},{"ancestorTitles":["useInViewport"],"duration":3,"failing":false,"failureDetails":[],"failureMessages":[],"fullName":"useInViewport passes options to IntersectionObserver","invocations":1,"location":null,"numPassingAsserts":1,"retryReasons":[],"startAt":1789474338521,"status":"passed","title":"passes options to IntersectionObserver"},{"ancestorTitles":["useInViewport"],"duration":5,"failing":false,"failureDetails":[],"failureMessages":[],"fullName":"useInViewport updates isInViewport when entry is intersecting","invocations":1,"location":null,"numPassingAsserts":2,"retryReasons":[],"startAt":1789474338525,"status":"passed","title":"updates isInViewport when entry is intersecting"},{"ancestorTitles":["useInViewport"],"duration":3,"failing":false,"failureDetails":[],"failureMessages":[],"fullName":"useInViewport cleans up on unmount","invocations":1,"location":null,"numPassingAsserts":2,"retryReasons":[],"startAt":1789474338536,"status":"passed","title":"cleans up on unmount"},{"ancestorTitles":["useInViewport"],"duration":6,"failing":false,"failureDetails":[],"failureMessages":[],"fullName":"useInViewport re-creates observer when ref changes","invocations":1,"location":null,"numPassingAsserts":5,"retryReasons":[],"startAt":1789474338540,"status":"passed","title":"re-creates observer when ref changes"},{"ancestorTitles":["useInViewport"],"duration":5,"failing":false,"failureDetails":[],"failureMessages":[],"fullName":"useInViewport updates when options change","invocations":1,"location":null,"numPassingAsserts":6,"retryReasons":[],"startAt":1789474338547,"status":"passed","title":"updates when options change"}],"endTime":1789474338555,"message":"","name":"D:\\projects\\ka_photographer_deploy\\src\\hooks\\useInViewport\\useInViewport.test.ts","startTime":1789474338327,"status":"passed","summary":""},{"assertionResults":[{"ancestorTitles":["useAspectRatio"],"duration":4,"failing":false,"failureDetails":[],"failureMessages":[],"fullName":"useAspectRatio returns the initial aspect ratio","invocations":1,"location":null,"numPassingAsserts":1,"retryReasons":[],"startAt":1789474338750,"status":"passed","title":"returns the initial aspect ratio"},{"ancestorTitles":["useAspectRatio"],"duration":5,"failing":false,"failureDetails":[],"failureMessages":[],"fullName":"useAspectRatio updates when the window size changes","invocations":1,"location":null,"numPassingAsserts":1,"retryReasons":[],"startAt":1789474338755,"status":"passed","title":"updates when the window size changes"},{"ancestorTitles":["useAspectRatio"],"duration":3,"failing":false,"failureDetails":[],"failureMessages":[],"fullName":"useAspectRatio removes the listener when unmounted","invocations":1,"location":null,"numPassingAsserts":1,"retryReasons":[],"startAt":1789474338761,"status":"passed","title":"removes the listener when unmounted"}],"endTime":1789474338771,"message":"","name":"D:\\projects\\ka_photographer_deploy\\src\\hooks\\useAspectRatio\\useAspectRatio.test.ts","startTime":1789474338569,"status":"passed","summary":""},{"assertionResults":[{"ancestorTitles":["useToast"],"duration":6,"failing":false,"failureDetails":[],"failureMessages":[],"fullName":"useToast showSuccess calls toast.success with message and merged options","invocations":1,"location":null,"numPassingAsserts":2,"retryReasons":[],"startAt":1789474338955,"status":"passed","title":"showSuccess calls toast.success with message and merged options"},{"ancestorTitles":["useToast"],"duration":4,"failing":false,"failureDetails":[],"failureMessages":[],"fullName":"useToast showError calls toast.error with message and merged options","invocations":1,"location":null,"numPassingAsserts":2,"retryReasons":[],"startAt":1789474338963,"status":"passed","title":"showError calls toast.error with message and merged options"},{"ancestorTitles":["useToast"],"duration":4,"failing":false,"failureDetails":[],"failureMessages":[],"fullName":"useToast showWarning calls toast.warning with message and merged options","invocations":1,"location":null,"numPassingAsserts":2,"retryReasons":[],"startAt":1789474338968,"status":"passed","title":"showWarning calls toast.warning with message and merged options"},{"ancestorTitles":["useToast"],"duration":3,"failing":false,"failureDetails":[],"failureMessages":[],"fullName":"useToast showInfo calls toast.info with message and merged options","invocations":1,"location":null,"numPassingAsserts":2,"retryReasons":[],"startAt":1789474338973,"status":"passed","title":"showInfo calls toast.info with message and merged options"},{"ancestorTitles":["useToast"],"duration":4,"failing":false,"failureDetails":[],"failureMessages":[],"fullName":"useToast showToast without custom options uses only defaults","invocations":1,"location":null,"numPassingAsserts":1,"retryReasons":[],"startAt":1789474338977,"status":"passed","title":"showToast without custom options uses only defaults"},{"ancestorTitles":["useToast"],"duration":7,"failing":false,"failureDetails":[],"failureMessages":[],"fullName":"useToast multiple calls work independently","invocations":1,"location":null,"numPassingAsserts":4,"retryReasons":[],"startAt":1789474338982,"status":"passed","title":"multiple calls work independently"}],"endTime":1789474338991,"message":"","name":"D:\\projects\\ka_photographer_deploy\\src\\hooks\\useToast\\useToast.test.ts","startTime":1789474338786,"status":"passed","summary":""},{"assertionResults":[],"coverage":{},"endTime":1789474342160,"message":"  \u001b[1m● \u001b[22mTest suite failed to run\n\n    \u001b[31m\u001b[1mConfiguration error\u001b[22m:\u001b[39m\n    \u001b[31m\u001b[39m\n    \u001b[31mCould not locate module \u001b[1m@/pages/AdminLogin\u001b[22m mapped as:\u001b[39m\n    \u001b[31m\u001b[1mD:\\projects\\ka_photographer_deploy\\src\\$1\u001b[22m.\u001b[39m\n    \u001b[31m\u001b[39m\n    \u001b[31mPlease check your configuration for these entries:\u001b[39m\n    \u001b[31m{\u001b[39m\n    \u001b[31m  \"moduleNameMapper\": {\u001b[39m\n    \u001b[31m    \"/^@\\/(.*)$/\": \"\u001b[1mD:\\projects\\ka_photographer_deploy\\src\\$1\u001b[22m\"\u001b[39m\n    \u001b[31m  },\u001b[39m\n    \u001b[31m  \"resolver\": \u001b[1mundefined\u001b[22m\u001b[39m\n    \u001b[31m}\u001b[39m\n\n    \u001b[0m \u001b[90m 14 |\u001b[39m jest\u001b[33m.\u001b[39mmock(\u001b[32m'@/pages/Contacts'\u001b[39m\u001b[33m,\u001b[39m () \u001b[33m=>\u001b[39m () \u001b[33m=>\u001b[39m \u001b[33m<\u001b[39m\u001b[33mdiv\u001b[39m data\u001b[33m-\u001b[39mtestid\u001b[33m=\u001b[39m\u001b[32m\"contacts-page\"\u001b[39m\u001b[33m>\u001b[39m\u001b[33mContacts\u001b[39m\u001b[33m<\u001b[39m\u001b[33m/\u001b[39m\u001b[33mdiv\u001b[39m\u001b[33m>\u001b[39m)\u001b[33m;\u001b[39m\n     \u001b[90m 15 |\u001b[39m jest\u001b[33m.\u001b[39mmock(\u001b[32m'@/pages/Terms'\u001b[39m\u001b[33m,\u001b[39m () \u001b[33m=>\u001b[39m () \u001b[33m=>\u001b[39m \u001b[33m<\u001b[39m\u001b[33mdiv\u001b[39m data\u001b[33m-\u001b[39mtestid\u001b[33m=\u001b[39m\u001b[32m\"terms-page\"\u001b[39m\u001b[33m>\u001b[39m\u001b[33mTerms\u001b[39m\u001b[33m<\u001b[39m\u001b[33m/\u001b[39m\u001b[33mdiv\u001b[39m\u001b[33m>\u001b[39m)\u001b[33m;\u001b[39m\n    \u001b[31m\u001b[1m>\u001b[22m\u001b[39m\u001b[90m 16 |\u001b[39m jest\u001b[33m.\u001b[39mmock(\u001b[32m'@/pages/AdminLogin'\u001b[39m\u001b[33m,\u001b[39m () \u001b[33m=>\u001b[39m () \u001b[33m=>\u001b[39m \u001b[33m<\u001b[39m\u001b[33mdiv\u001b[39m data\u001b[33m-\u001b[39mtestid\u001b[33m=\u001b[39m\u001b[32m\"admin-login-page\"\u001b[39m\u001b[33m>\u001b[39m\u001b[33mAdminLogin\u001b[39m\u001b[33m<\u001b[39m\u001b[33m/\u001b[39m\u001b[33mdiv\u001b[39m\u001b[33m>\u001b[39m)\u001b[33m;\u001b[39m\n     \u001b[90m    |\u001b[39m      \u001b[31m\u001b[1m^\u001b[22m\u001b[39m\n     \u001b[90m 17 |\u001b[39m jest\u001b[33m.\u001b[39mmock(\u001b[32m'@/pages/AdminPanel'\u001b[39m\u001b[33m,\u001b[39m () \u001b[33m=>\u001b[39m () \u001b[33m=>\u001b[39m \u001b[33m<\u001b[39m\u001b[33mdiv\u001b[39m data\u001b[33m-\u001b[39mtestid\u001b[33m=\u001b[39m\u001b[32m\"admin-panel-page\"\u001b[39m\u001b[33m>\u001b[39m\u001b[33mAdminPanel\u001b[39m\u001b[33m<\u001b[39m\u001b[33m/\u001b[39m\u001b[33mdiv\u001b[39m\u001b[33m>\u001b[39m)\u001b[33m;\u001b[39m\n     \u001b[90m 18 |\u001b[39m jest\u001b[33m.\u001b[39mmock(\u001b[32m'@/pages/NotFound'\u001b[39m\u001b[33m,\u001b[39m () \u001b[33m=>\u001b[39m () \u001b[33m=>\u001b[39m \u001b[33m<\u001b[39m\u001b[33mdiv\u001b[39m data\u001b[33m-\u001b[39mtestid\u001b[33m=\u001b[39m\u001b[32m\"not-found-page\"\u001b[39m\u001b[33m>\u001b[39m\u001b[33mNotFound\u001b[39m\u001b[33m<\u001b[39m\u001b[33m/\u001b[39m\u001b[33mdiv\u001b[39m\u001b[33m>\u001b[39m)\u001b[33m;\u001b[39m\n     \u001b[90m 19 |\u001b[39m\u001b[0m\n\n      \u001b[2mat createNoMappedModuleFoundError (\u001b[22mnode_modules/jest-resolve/build/index.js\u001b[2m:1117:17)\u001b[22m\n      \u001b[2mat Object.<anonymous> (\u001b[22m\u001b[0m\u001b[36msrc/router/AppRoutes/AppRoutes.test.tsx\u001b[39m\u001b[0m\u001b[2m:16:6)\u001b[22m\n","name":"D:\\projects\\ka_photographer_deploy\\src\\router\\AppRoutes\\AppRoutes.test.tsx","startTime":1789474342160,"status":"failed","summary":""}],"wasInterrupted":false}
